2026-01-01 11:15:41,389 - services.bot_catalog - INFO - Sample bots initialized
2026-01-01 11:15:41,437 - __main__ - INFO - Starting bot...
2026-01-01 11:15:44,666 - httpx - INFO - HTTP Request: POST https://api.telegram.org/bot8535138873:AAG7W5ZJKFj_b4YT31RVjWp4HWoz9Pt9bWQ/getMe "HTTP/1.1 200 OK"
2026-01-01 11:15:44,826 - httpx - INFO - HTTP Request: POST https://api.telegram.org/bot8535138873:AAG7W5ZJKFj_b4YT31RVjWp4HWoz9Pt9bWQ/deleteWebhook "HTTP/1.1 200 OK"
2026-01-01 11:15:44,829 - telegram.ext.Application - INFO - Application started
2026-01-01 11:15:55,287 - httpx - INFO - HTTP Request: POST https://api.telegram.org/bot8535138873:AAG7W5ZJKFj_b4YT31RVjWp4HWoz9Pt9bWQ/getUpdates "HTTP/1.1 200 OK"
2026-01-01 11:16:05,448 - httpx - INFO - HTTP Request: POST https://api.telegram.org/bot8535138873:AAG7W5ZJKFj_b4YT31RVjWp4HWoz9Pt9bWQ/getUpdates "HTTP/1.1 200 OK"
2026-01-01 11:16:12,736 - httpx - INFO - HTTP Request: POST https://api.telegram.org/bot8535138873:AAG7W5ZJKFj_b4YT31RVjWp4HWoz9Pt9bWQ/getUpdates "HTTP/1.1 200 OK"
2026-01-01 11:16:12,749 - handlers.start - INFO - New user registered: Isope23 (1273357133)
2026-01-01 11:16:13,311 - httpx - INFO - HTTP Request: POST https://api.telegram.org/bot8535138873:AAG7W5ZJKFj_b4YT31RVjWp4HWoz9Pt9bWQ/sendMessage "HTTP/1.1 200 OK"
2026-01-01 11:16:22,920 - httpx - INFO - HTTP Request: POST https://api.telegram.org/bot8535138873:AAG7W5ZJKFj_b4YT31RVjWp4HWoz9Pt9bWQ/getUpdates "HTTP/1.1 200 OK"
2026-01-01 11:16:27,926 - httpx - INFO - HTTP Request: POST https://api.telegram.org/bot8535138873:AAG7W5ZJKFj_b4YT31RVjWp4HWoz9Pt9bWQ/getUpdates "HTTP/1.1 200 OK"
2026-01-01 11:16:28,550 - httpx - INFO - HTTP Request: POST https://api.telegram.org/bot8535138873:AAG7W5ZJKFj_b4YT31RVjWp4HWoz9Pt9bWQ/answerCallbackQuery "HTTP/1.1 200 OK"
2026-01-01 11:16:28,731 - httpx - INFO - HTTP Request: POST https://api.telegram.org/bot8535138873:AAG7W5ZJKFj_b4YT31RVjWp4HWoz9Pt9bWQ/editMessageText "HTTP/1.1 200 OK"
2026-01-01 11:16:38,184 - httpx - INFO - HTTP Request: POST https://api.telegram.org/bot8535138873:AAG7W5ZJKFj_b4YT31RVjWp4HWoz9Pt9bWQ/getUpdates "HTTP/1.1 200 OK"
2026-01-01 11:16:45,541 - httpx - INFO - HTTP Request: POST https://api.telegram.org/bot8535138873:AAG7W5ZJKFj_b4YT31RVjWp4HWoz9Pt9bWQ/getUpdates "HTTP/1.1 200 OK"
2026-01-01 11:16:46,240 - httpx - INFO - HTTP Request: POST https://api.telegram.org/bot8535138873:AAG7W5ZJKFj_b4YT31RVjWp4HWoz9Pt9bWQ/answerCallbackQuery "HTTP/1.1 200 OK"
2026-01-01 11:16:46,417 - httpx - INFO - HTTP Request: POST https://api.telegram.org/bot8535138873:AAG7W5ZJKFj_b4YT31RVjWp4HWoz9Pt9bWQ/editMessageText "HTTP/1.1 200 OK"
2026-01-01 11:16:55,696 - httpx - INFO - HTTP Request: POST https://api.telegram.org/bot8535138873:AAG7W5ZJKFj_b4YT31RVjWp4HWoz9Pt9bWQ/getUpdates "HTTP/1.1 200 OK"
2026-01-01 11:16:57,389 - httpx - INFO - HTTP Request: POST https://api.telegram.org/bot8535138873:AAG7W5ZJKFj_b4YT31RVjWp4HWoz9Pt9bWQ/getUpdates "HTTP/1.1 200 OK"
2026-01-01 11:16:57,952 - httpx - INFO - HTTP Request: POST https://api.telegram.org/bot8535138873:AAG7W5ZJKFj_b4YT31RVjWp4HWoz9Pt9bWQ/answerCallbackQuery "HTTP/1.1 200 OK"
2026-01-01 11:16:58,156 - httpx - INFO - HTTP Request: POST https://api.telegram.org/bot8535138873:AAG7W5ZJKFj_b4YT31RVjWp4HWoz9Pt9bWQ/editMessageText "HTTP/1.1 200 OK"
2026-01-01 11:17:07,666 - httpx - INFO - HTTP Request: POST https://api.telegram.org/bot8535138873:AAG7W5ZJKFj_b4YT31RVjWp4HWoz9Pt9bWQ/getUpdates "HTTP/1.1 200 OK"
2026-01-01 11:17:08,700 - httpx - INFO - HTTP Request: POST https://api.telegram.org/bot8535138873:AAG7W5ZJKFj_b4YT31RVjWp4HWoz9Pt9bWQ/getUpdates "HTTP/1.1 200 OK"
2026-01-01 11:17:09,221 - httpx - INFO - HTTP Request: POST https://api.telegram.org/bot8535138873:AAG7W5ZJKFj_b4YT31RVjWp4HWoz9Pt9bWQ/answerCallbackQuery "HTTP/1.1 200 OK"
2026-01-01 11:17:09,418 - httpx - INFO - HTTP Request: POST https://api.telegram.org/bot8535138873:AAG7W5ZJKFj_b4YT31RVjWp4HWoz9Pt9bWQ/editMessageText "HTTP/1.1 200 OK"
2026-01-01 11:17:18,966 - httpx - INFO - HTTP Request: POST https://api.telegram.org/bot8535138873:AAG7W5ZJKFj_b4YT31RVjWp4HWoz9Pt9bWQ/getUpdates "HTTP/1.1 200 OK"
2026-01-01 11:17:27,392 - httpx - INFO - HTTP Request: POST https://api.telegram.org/bot8535138873:AAG7W5ZJKFj_b4YT31RVjWp4HWoz9Pt9bWQ/getUpdates "HTTP/1.1 200 OK"
2026-01-01 11:17:27,907 - httpx - INFO - HTTP Request: POST https://api.telegram.org/bot8535138873:AAG7W5ZJKFj_b4YT31RVjWp4HWoz9Pt9bWQ/answerCallbackQuery "HTTP/1.1 200 OK"
2026-01-01 11:17:28,154 - httpx - INFO - HTTP Request: POST https://api.telegram.org/bot8535138873:AAG7W5ZJKFj_b4YT31RVjWp4HWoz9Pt9bWQ/editMessageText "HTTP/1.1 200 OK"
2026-01-01 11:17:31,948 - httpx - INFO - HTTP Request: POST https://api.telegram.org/bot8535138873:AAG7W5ZJKFj_b4YT31RVjWp4HWoz9Pt9bWQ/getUpdates "HTTP/1.1 200 OK"
2026-01-01 11:17:32,159 - httpx - INFO - HTTP Request: POST https://api.telegram.org/bot8535138873:AAG7W5ZJKFj_b4YT31RVjWp4HWoz9Pt9bWQ/answerCallbackQuery "HTTP/1.1 200 OK"
2026-01-01 11:17:32,341 - httpx - INFO - HTTP Request: POST https://api.telegram.org/bot8535138873:AAG7W5ZJKFj_b4YT31RVjWp4HWoz9Pt9bWQ/editMessageText "HTTP/1.1 400 Bad Request"
2026-01-01 11:17:32,344 - __main__ - ERROR - Update Update(callback_query=CallbackQuery(chat_instance='4611548565744447255', data='confirm_order_1', from_user=User(first_name='Mr', id=1273357133, is_bot=False, language_code='en', last_name='Bot', username='Isope23'), id='5469027242812627822', message=Message(channel_chat_created=False, chat=Chat(first_name='Mr', id=1273357133, last_name='Bot', type=<ChatType.PRIVATE>, username='Isope23'), date=datetime.datetime(2026, 1, 1, 11, 16, 13, tzinfo=datetime.timezone.utc), delete_chat_photo=False, edit_date=datetime.datetime(2026, 1, 1, 11, 17, 28, tzinfo=datetime.timezone.utc), entities=(MessageEntity(length=16, offset=3, type=<MessageEntityType.BOLD>), MessageEntity(length=4, offset=24, type=<MessageEntityType.BOLD>), MessageEntity(length=6, offset=51, type=<MessageEntityType.BOLD>), MessageEntity(length=9, offset=67, type=<MessageEntityType.BOLD>)), from_user=User(first_name='Bot_Hub', id=8535138873, is_bot=True, username='nestedAll_bot'), group_chat_created=False, message_id=2, reply_markup=InlineKeyboardMarkup(inline_keyboard=((InlineKeyboardButton(callback_data='confirm_order_1', text='✅ Confirm'), InlineKeyboardButton(callback_data='back_to_bots', text='❌ Cancel')),)), supergroup_chat_created=False, text='🛒 Confirm Purchase\n\n🤖 Bot: Auto Responder Pro\n💰 Price: $49.99\n⏱ Delivery: 24 hours\n\nAre you sure you want to purchase this bot?')), update_id=471547670) caused error Message is not modified: specified new message content and reply markup are exactly the same as a current content and reply markup of the message
2026-01-01 11:17:32,608 - httpx - INFO - HTTP Request: POST https://api.telegram.org/bot8535138873:AAG7W5ZJKFj_b4YT31RVjWp4HWoz9Pt9bWQ/sendMessage "HTTP/1.1 200 OK"
2026-01-01 11:17:42,248 - httpx - INFO - HTTP Request: POST https://api.telegram.org/bot8535138873:AAG7W5ZJKFj_b4YT31RVjWp4HWoz9Pt9bWQ/getUpdates "HTTP/1.1 200 OK"
2026-01-01 11:17:46,473 - httpx - INFO - HTTP Request: POST https://api.telegram.org/bot8535138873:AAG7W5ZJKFj_b4YT31RVjWp4HWoz9Pt9bWQ/getUpdates "HTTP/1.1 200 OK"
2026-01-01 11:17:46,966 - httpx - INFO - HTTP Request: POST https://api.telegram.org/bot8535138873:AAG7W5ZJKFj_b4YT31RVjWp4HWoz9Pt9bWQ/sendMessage "HTTP/1.1 200 OK"
2026-01-01 11:17:55,143 - httpx - INFO - HTTP Request: POST https://api.telegram.org/bot8535138873:AAG7W5ZJKFj_b4YT31RVjWp4HWoz9Pt9bWQ/getUpdates "HTTP/1.1 200 OK"
2026-01-01 11:17:55,646 - httpx - INFO - HTTP Request: POST https://api.telegram.org/bot8535138873:AAG7W5ZJKFj_b4YT31RVjWp4HWoz9Pt9bWQ/answerCallbackQuery "HTTP/1.1 200 OK"
2026-01-01 11:17:55,862 - httpx - INFO - HTTP Request: POST https://api.telegram.org/bot8535138873:AAG7W5ZJKFj_b4YT31RVjWp4HWoz9Pt9bWQ/editMessageText "HTTP/1.1 200 OK"
2026-01-01 11:18:05,404 - httpx - INFO - HTTP Request: POST https://api.telegram.org/bot8535138873:AAG7W5ZJKFj_b4YT31RVjWp4HWoz9Pt9bWQ/getUpdates "HTTP/1.1 200 OK"
2026-01-01 11:18:07,307 - httpx - INFO - HTTP Request: POST https://api.telegram.org/bot8535138873:AAG7W5ZJKFj_b4YT31RVjWp4HWoz9Pt9bWQ/getUpdates "HTTP/1.1 200 OK"
2026-01-01 11:18:07,900 - httpx - INFO - HTTP Request: POST https://api.telegram.org/bot8535138873:AAG7W5ZJKFj_b4YT31RVjWp4HWoz9Pt9bWQ/answerCallbackQuery "HTTP/1.1 200 OK"
2026-01-01 11:18:08,174 - httpx - INFO - HTTP Request: POST https://api.telegram.org/bot8535138873:AAG7W5ZJKFj_b4YT31RVjWp4HWoz9Pt9bWQ/editMessageText "HTTP/1.1 200 OK"
2026-01-01 11:18:14,530 - httpx - INFO - HTTP Request: POST https://api.telegram.org/bot8535138873:AAG7W5ZJKFj_b4YT31RVjWp4HWoz9Pt9bWQ/getUpdates "HTTP/1.1 200 OK"
2026-01-01 11:18:24,772 - httpx - INFO - HTTP Request: POST https://api.telegram.org/bot8535138873:AAG7W5ZJKFj_b4YT31RVjWp4HWoz9Pt9bWQ/getUpdates "HTTP/1.1 200 OK"
2026-01-01 11:18:34,946 - httpx - INFO - HTTP Request: POST https://api.telegram.org/bot8535138873:AAG7W5ZJKFj_b4YT31RVjWp4HWoz9Pt9bWQ/getUpdates "HTTP/1.1 200 OK"
2026-01-01 11:18:45,244 - httpx - INFO - HTTP Request: POST https://api.telegram.org/bot8535138873:AAG7W5ZJKFj_b4YT31RVjWp4HWoz9Pt9bWQ/getUpdates "HTTP/1.1 200 OK"
2026-01-01 11:18:55,485 - httpx - INFO - HTTP Request: POST https://api.telegram.org/bot8535138873:AAG7W5ZJKFj_b4YT31RVjWp4HWoz9Pt9bWQ/getUpdates "HTTP/1.1 200 OK"
2026-01-01 11:19:05,752 - httpx - INFO - HTTP Request: POST https://api.telegram.org/bot8535138873:AAG7W5ZJKFj_b4YT31RVjWp4HWoz9Pt9bWQ/getUpdates "HTTP/1.1 200 OK"
2026-01-01 11:19:16,068 - httpx - INFO - HTTP Request: POST https://api.telegram.org/bot8535138873:AAG7W5ZJKFj_b4YT31RVjWp4HWoz9Pt9bWQ/getUpdates "HTTP/1.1 200 OK"
2026-01-01 11:19:26,615 - httpx - INFO - HTTP Request: POST https://api.telegram.org/bot8535138873:AAG7W5ZJKFj_b4YT31RVjWp4HWoz9Pt9bWQ/getUpdates "HTTP/1.1 200 OK"
2026-01-01 11:19:36,959 - httpx - INFO - HTTP Request: POST https://api.telegram.org/bot8535138873:AAG7W5ZJKFj_b4YT31RVjWp4HWoz9Pt9bWQ/getUpdates "HTTP/1.1 200 OK"
2026-01-01 11:19:47,413 - httpx - INFO - HTTP Request: POST https://api.telegram.org/bot8535138873:AAG7W5ZJKFj_b4YT31RVjWp4HWoz9Pt9bWQ/getUpdates "HTTP/1.1 200 OK"
2026-01-01 11:19:57,747 - httpx - INFO - HTTP Request: POST https://api.telegram.org/bot8535138873:AAG7W5ZJKFj_b4YT31RVjWp4HWoz9Pt9bWQ/getUpdates "HTTP/1.1 200 OK"
2026-01-01 11:20:08,014 - httpx - INFO - HTTP Request: POST https://api.telegram.org/bot8535138873:AAG7W5ZJKFj_b4YT31RVjWp4HWoz9Pt9bWQ/getUpdates "HTTP/1.1 200 OK"
2026-01-01 11:20:11,295 - httpx - INFO - HTTP Request: POST https://api.telegram.org/bot8535138873:AAG7W5ZJKFj_b4YT31RVjWp4HWoz9Pt9bWQ/getUpdates "HTTP/1.1 200 OK"
2026-01-01 11:20:11,940 - httpx - INFO - HTTP Request: POST https://api.telegram.org/bot8535138873:AAG7W5ZJKFj_b4YT31RVjWp4HWoz9Pt9bWQ/sendMessage "HTTP/1.1 200 OK"
2026-01-01 11:20:21,826 - httpx - INFO - HTTP Request: POST https://api.telegram.org/bot8535138873:AAG7W5ZJKFj_b4YT31RVjWp4HWoz9Pt9bWQ/getUpdates "HTTP/1.1 200 OK"
2026-01-01 11:20:32,154 - httpx - INFO - HTTP Request: POST https://api.telegram.org/bot8535138873:AAG7W5ZJKFj_b4YT31RVjWp4HWoz9Pt9bWQ/getUpdates "HTTP/1.1 200 OK"
2026-01-01 11:20:42,395 - httpx - INFO - HTTP Request: POST https://api.telegram.org/bot8535138873:AAG7W5ZJKFj_b4YT31RVjWp4HWoz9Pt9bWQ/getUpdates "HTTP/1.1 200 OK"
2026-01-01 11:20:54,357 - httpx - INFO - HTTP Request: POST https://api.telegram.org/bot8535138873:AAG7W5ZJKFj_b4YT31RVjWp4HWoz9Pt9bWQ/getUpdates "HTTP/1.1 200 OK"
2026-01-01 11:21:04,533 - httpx - INFO - HTTP Request: POST https://api.telegram.org/bot8535138873:AAG7W5ZJKFj_b4YT31RVjWp4HWoz9Pt9bWQ/getUpdates "HTTP/1.1 200 OK"
2026-01-01 11:21:14,751 - httpx - INFO - HTTP Request: POST https://api.telegram.org/bot8535138873:AAG7W5ZJKFj_b4YT31RVjWp4HWoz9Pt9bWQ/getUpdates "HTTP/1.1 200 OK"
2026-01-01 11:21:24,917 - httpx - INFO - HTTP Request: POST https://api.telegram.org/bot8535138873:AAG7W5ZJKFj_b4YT31RVjWp4HWoz9Pt9bWQ/getUpdates "HTTP/1.1 200 OK"
2026-01-01 11:21:35,081 - httpx - INFO - HTTP Request: POST https://api.telegram.org/bot8535138873:AAG7W5ZJKFj_b4YT31RVjWp4HWoz9Pt9bWQ/getUpdates "HTTP/1.1 200 OK"
2026-01-01 11:21:45,275 - httpx - INFO - HTTP Request: POST https://api.telegram.org/bot8535138873:AAG7W5ZJKFj_b4YT31RVjWp4HWoz9Pt9bWQ/getUpdates "HTTP/1.1 200 OK"
2026-01-01 11:21:55,441 - httpx - INFO - HTTP Request: POST https://api.telegram.org/bot8535138873:AAG7W5ZJKFj_b4YT31RVjWp4HWoz9Pt9bWQ/getUpdates "HTTP/1.1 200 OK"
2026-01-01 11:22:05,670 - httpx - INFO - HTTP Request: POST https://api.telegram.org/bot8535138873:AAG7W5ZJKFj_b4YT31RVjWp4HWoz9Pt9bWQ/getUpdates "HTTP/1.1 200 OK"
2026-01-01 11:22:15,837 - httpx - INFO - HTTP Request: POST https://api.telegram.org/bot8535138873:AAG7W5ZJKFj_b4YT31RVjWp4HWoz9Pt9bWQ/getUpdates "HTTP/1.1 200 OK"
2026-01-01 11:22:26,007 - httpx - INFO - HTTP Request: POST https://api.telegram.org/bot8535138873:AAG7W5ZJKFj_b4YT31RVjWp4HWoz9Pt9bWQ/getUpdates "HTTP/1.1 200 OK"
2026-01-01 11:22:36,177 - httpx - INFO - HTTP Request: POST https://api.telegram.org/bot8535138873:AAG7W5ZJKFj_b4YT31RVjWp4HWoz9Pt9bWQ/getUpdates "HTTP/1.1 200 OK"
2026-01-01 11:22:46,350 - httpx - INFO - HTTP Request: POST https://api.telegram.org/bot8535138873:AAG7W5ZJKFj_b4YT31RVjWp4HWoz9Pt9bWQ/getUpdates "HTTP/1.1 200 OK"
2026-01-01 11:22:56,595 - httpx - INFO - HTTP Request: POST https://api.telegram.org/bot8535138873:AAG7W5ZJKFj_b4YT31RVjWp4HWoz9Pt9bWQ/getUpdates "HTTP/1.1 200 OK"
2026-01-01 11:23:06,776 - httpx - INFO - HTTP Request: POST https://api.telegram.org/bot8535138873:AAG7W5ZJKFj_b4YT31RVjWp4HWoz9Pt9bWQ/getUpdates "HTTP/1.1 200 OK"
2026-01-01 11:23:17,027 - httpx - INFO - HTTP Request: POST https://api.telegram.org/bot8535138873:AAG7W5ZJKFj_b4YT31RVjWp4HWoz9Pt9bWQ/getUpdates "HTTP/1.1 200 OK"
2026-01-01 11:23:27,370 - httpx - INFO - HTTP Request: POST https://api.telegram.org/bot8535138873:AAG7W5ZJKFj_b4YT31RVjWp4HWoz9Pt9bWQ/getUpdates "HTTP/1.1 200 OK"
2026-01-01 11:23:37,532 - httpx - INFO - HTTP Request: POST https://api.telegram.org/bot8535138873:AAG7W5ZJKFj_b4YT31RVjWp4HWoz9Pt9bWQ/getUpdates "HTTP/1.1 200 OK"
2026-01-01 11:23:47,749 - httpx - INFO - HTTP Request: POST https://api.telegram.org/bot8535138873:AAG7W5ZJKFj_b4YT31RVjWp4HWoz9Pt9bWQ/getUpdates "HTTP/1.1 200 OK"
2026-01-01 11:23:57,989 - httpx - INFO - HTTP Request: POST https://api.telegram.org/bot8535138873:AAG7W5ZJKFj_b4YT31RVjWp4HWoz9Pt9bWQ/getUpdates "HTTP/1.1 200 OK"
2026-01-01 11:24:08,163 - httpx - INFO - HTTP Request: POST https://api.telegram.org/bot8535138873:AAG7W5ZJKFj_b4YT31RVjWp4HWoz9Pt9bWQ/getUpdates "HTTP/1.1 200 OK"
2026-01-01 11:24:18,464 - httpx - INFO - HTTP Request: POST https://api.telegram.org/bot8535138873:AAG7W5ZJKFj_b4YT31RVjWp4HWoz9Pt9bWQ/getUpdates "HTTP/1.1 200 OK"
2026-01-01 11:24:28,638 - httpx - INFO - HTTP Request: POST https://api.telegram.org/bot8535138873:AAG7W5ZJKFj_b4YT31RVjWp4HWoz9Pt9bWQ/getUpdates "HTTP/1.1 200 OK"
2026-01-01 11:24:38,872 - httpx - INFO - HTTP Request: POST https://api.telegram.org/bot8535138873:AAG7W5ZJKFj_b4YT31RVjWp4HWoz9Pt9bWQ/getUpdates "HTTP/1.1 200 OK"
2026-01-01 11:24:49,193 - httpx - INFO - HTTP Request: POST https://api.telegram.org/bot8535138873:AAG7W5ZJKFj_b4YT31RVjWp4HWoz9Pt9bWQ/getUpdates "HTTP/1.1 200 OK"
2026-01-01 11:24:59,433 - httpx - INFO - HTTP Request: POST https://api.telegram.org/bot8535138873:AAG7W5ZJKFj_b4YT31RVjWp4HWoz9Pt9bWQ/getUpdates "HTTP/1.1 200 OK"
2026-01-01 11:25:09,610 - httpx - INFO - HTTP Request: POST https://api.telegram.org/bot8535138873:AAG7W5ZJKFj_b4YT31RVjWp4HWoz9Pt9bWQ/getUpdates "HTTP/1.1 200 OK"
2026-01-01 11:25:19,782 - httpx - INFO - HTTP Request: POST https://api.telegram.org/bot8535138873:AAG7W5ZJKFj_b4YT31RVjWp4HWoz9Pt9bWQ/getUpdates "HTTP/1.1 200 OK"
2026-01-01 11:25:30,391 - httpx - INFO - HTTP Request: POST https://api.telegram.org/bot8535138873:AAG7W5ZJKFj_b4YT31RVjWp4HWoz9Pt9bWQ/getUpdates "HTTP/1.1 200 OK"
2026-01-01 11:25:40,588 - httpx - INFO - HTTP Request: POST https://api.telegram.org/bot8535138873:AAG7W5ZJKFj_b4YT31RVjWp4HWoz9Pt9bWQ/getUpdates "HTTP/1.1 200 OK"
2026-01-01 11:25:50,857 - httpx - INFO - HTTP Request: POST https://api.telegram.org/bot8535138873:AAG7W5ZJKFj_b4YT31RVjWp4HWoz9Pt9bWQ/getUpdates "HTTP/1.1 200 OK"
2026-01-01 11:26:01,045 - httpx - INFO - HTTP Request: POST https://api.telegram.org/bot8535138873:AAG7W5ZJKFj_b4YT31RVjWp4HWoz9Pt9bWQ/getUpdates "HTTP/1.1 200 OK"
2026-01-01 11:26:11,211 - httpx - INFO - HTTP Request: POST https://api.telegram.org/bot8535138873:AAG7W5ZJKFj_b4YT31RVjWp4HWoz9Pt9bWQ/getUpdates "HTTP/1.1 200 OK"
2026-01-01 11:26:21,442 - httpx - INFO - HTTP Request: POST https://api.telegram.org/bot8535138873:AAG7W5ZJKFj_b4YT31RVjWp4HWoz9Pt9bWQ/getUpdates "HTTP/1.1 200 OK"
2026-01-01 11:26:31,642 - httpx - INFO - HTTP Request: POST https://api.telegram.org/bot8535138873:AAG7W5ZJKFj_b4YT31RVjWp4HWoz9Pt9bWQ/getUpdates "HTTP/1.1 200 OK"
2026-01-01 11:26:41,854 - httpx - INFO - HTTP Request: POST https://api.telegram.org/bot8535138873:AAG7W5ZJKFj_b4YT31RVjWp4HWoz9Pt9bWQ/getUpdates "HTTP/1.1 200 OK"
2026-01-01 11:26:52,104 - httpx - INFO - HTTP Request: POST https://api.telegram.org/bot8535138873:AAG7W5ZJKFj_b4YT31RVjWp4HWoz9Pt9bWQ/getUpdates "HTTP/1.1 200 OK"
2026-01-01 11:27:02,388 - httpx - INFO - HTTP Request: POST https://api.telegram.org/bot8535138873:AAG7W5ZJKFj_b4YT31RVjWp4HWoz9Pt9bWQ/getUpdates "HTTP/1.1 200 OK"
2026-01-01 11:27:12,667 - httpx - INFO - HTTP Request: POST https://api.telegram.org/bot8535138873:AAG7W5ZJKFj_b4YT31RVjWp4HWoz9Pt9bWQ/getUpdates "HTTP/1.1 200 OK"
2026-01-01 11:27:22,948 - httpx - INFO - HTTP Request: POST https://api.telegram.org/bot8535138873:AAG7W5ZJKFj_b4YT31RVjWp4HWoz9Pt9bWQ/getUpdates "HTTP/1.1 200 OK"
2026-01-01 11:27:33,231 - httpx - INFO - HTTP Request: POST https://api.telegram.org/bot8535138873:AAG7W5ZJKFj_b4YT31RVjWp4HWoz9Pt9bWQ/getUpdates "HTTP/1.1 200 OK"
2026-01-01 11:27:43,511 - httpx - INFO - HTTP Request: POST https://api.telegram.org/bot8535138873:AAG7W5ZJKFj_b4YT31RVjWp4HWoz9Pt9bWQ/getUpdates "HTTP/1.1 200 OK"
2026-01-01 11:27:53,800 - httpx - INFO - HTTP Request: POST https://api.telegram.org/bot8535138873:AAG7W5ZJKFj_b4YT31RVjWp4HWoz9Pt9bWQ/getUpdates "HTTP/1.1 200 OK"
2026-01-01 11:28:04,083 - httpx - INFO - HTTP Request: POST https://api.telegram.org/bot8535138873:AAG7W5ZJKFj_b4YT31RVjWp4HWoz9Pt9bWQ/getUpdates "HTTP/1.1 200 OK"
2026-01-01 11:28:14,355 - httpx - INFO - HTTP Request: POST https://api.telegram.org/bot8535138873:AAG7W5ZJKFj_b4YT31RVjWp4HWoz9Pt9bWQ/getUpdates "HTTP/1.1 200 OK"
2026-01-01 11:28:24,635 - httpx - INFO - HTTP Request: POST https://api.telegram.org/bot8535138873:AAG7W5ZJKFj_b4YT31RVjWp4HWoz9Pt9bWQ/getUpdates "HTTP/1.1 200 OK"
2026-01-01 11:28:34,929 - httpx - INFO - HTTP Request: POST https://api.telegram.org/bot8535138873:AAG7W5ZJKFj_b4YT31RVjWp4HWoz9Pt9bWQ/getUpdates "HTTP/1.1 200 OK"
2026-01-01 11:28:45,198 - httpx - INFO - HTTP Request: POST https://api.telegram.org/bot8535138873:AAG7W5ZJKFj_b4YT31RVjWp4HWoz9Pt9bWQ/getUpdates "HTTP/1.1 200 OK"
2026-01-01 11:28:55,481 - httpx - INFO - HTTP Request: POST https://api.telegram.org/bot8535138873:AAG7W5ZJKFj_b4YT31RVjWp4HWoz9Pt9bWQ/getUpdates "HTTP/1.1 200 OK"
2026-01-01 11:29:05,780 - httpx - INFO - HTTP Request: POST https://api.telegram.org/bot8535138873:AAG7W5ZJKFj_b4YT31RVjWp4HWoz9Pt9bWQ/getUpdates "HTTP/1.1 200 OK"
2026-01-01 11:29:06,158 - httpx - INFO - HTTP Request: POST https://api.telegram.org/bot8535138873:AAG7W5ZJKFj_b4YT31RVjWp4HWoz9Pt9bWQ/getUpdates "HTTP/1.1 200 OK"
2026-01-01 11:29:06,225 - handlers.start - INFO - New user registered: None (8240124552)
2026-01-01 11:29:06,829 - httpx - INFO - HTTP Request: POST https://api.telegram.org/bot8535138873:AAG7W5ZJKFj_b4YT31RVjWp4HWoz9Pt9bWQ/sendMessage "HTTP/1.1 200 OK"
2026-01-01 11:29:16,441 - httpx - INFO - HTTP Request: POST https://api.telegram.org/bot8535138873:AAG7W5ZJKFj_b4YT31RVjWp4HWoz9Pt9bWQ/getUpdates "HTTP/1.1 200 OK"
2026-01-01 11:29:26,698 - httpx - INFO - HTTP Request: POST https://api.telegram.org/bot8535138873:AAG7W5ZJKFj_b4YT31RVjWp4HWoz9Pt9bWQ/getUpdates "HTTP/1.1 200 OK"
2026-01-01 11:29:28,427 - httpx - INFO - HTTP Request: POST https://api.telegram.org/bot8535138873:AAG7W5ZJKFj_b4YT31RVjWp4HWoz9Pt9bWQ/getUpdates "HTTP/1.1 200 OK"
2026-01-01 11:29:28,940 - httpx - INFO - HTTP Request: POST https://api.telegram.org/bot8535138873:AAG7W5ZJKFj_b4YT31RVjWp4HWoz9Pt9bWQ/answerCallbackQuery "HTTP/1.1 200 OK"
2026-01-01 11:29:29,262 - httpx - INFO - HTTP Request: POST https://api.telegram.org/bot8535138873:AAG7W5ZJKFj_b4YT31RVjWp4HWoz9Pt9bWQ/editMessageText "HTTP/1.1 200 OK"
2026-01-01 11:29:33,773 - httpx - INFO - HTTP Request: POST https://api.telegram.org/bot8535138873:AAG7W5ZJKFj_b4YT31RVjWp4HWoz9Pt9bWQ/getUpdates "HTTP/1.1 200 OK"
2026-01-01 11:29:36,013 - httpx - INFO - HTTP Request: POST https://api.telegram.org/bot8535138873:AAG7W5ZJKFj_b4YT31RVjWp4HWoz9Pt9bWQ/getUpdates "HTTP/1.1 200 OK"
2026-01-01 11:29:41,320 - httpx - INFO - HTTP Request: POST https://api.telegram.org/bot8535138873:AAG7W5ZJKFj_b4YT31RVjWp4HWoz9Pt9bWQ/getUpdates "HTTP/1.1 200 OK"
2026-01-01 11:29:41,900 - httpx - INFO - HTTP Request: POST https://api.telegram.org/bot8535138873:AAG7W5ZJKFj_b4YT31RVjWp4HWoz9Pt9bWQ/answerCallbackQuery "HTTP/1.1 200 OK"
2026-01-01 11:29:42,183 - httpx - INFO - HTTP Request: POST https://api.telegram.org/bot8535138873:AAG7W5ZJKFj_b4YT31RVjWp4HWoz9Pt9bWQ/editMessageText "HTTP/1.1 200 OK"
2026-01-01 11:29:51,560 - httpx - INFO - HTTP Request: POST https://api.telegram.org/bot8535138873:AAG7W5ZJKFj_b4YT31RVjWp4HWoz9Pt9bWQ/getUpdates "HTTP/1.1 200 OK"
2026-01-01 11:30:01,322 - httpx - INFO - HTTP Request: POST https://api.telegram.org/bot8535138873:AAG7W5ZJKFj_b4YT31RVjWp4HWoz9Pt9bWQ/getUpdates "HTTP/1.1 200 OK"
2026-01-01 11:30:01,991 - httpx - INFO - HTTP Request: POST https://api.telegram.org/bot8535138873:AAG7W5ZJKFj_b4YT31RVjWp4HWoz9Pt9bWQ/sendMessage "HTTP/1.1 200 OK"
2026-01-01 11:30:08,382 - httpx - INFO - HTTP Request: POST https://api.telegram.org/bot8535138873:AAG7W5ZJKFj_b4YT31RVjWp4HWoz9Pt9bWQ/getUpdates "HTTP/1.1 200 OK"
2026-01-01 11:30:08,918 - httpx - INFO - HTTP Request: POST https://api.telegram.org/bot8535138873:AAG7W5ZJKFj_b4YT31RVjWp4HWoz9Pt9bWQ/answerCallbackQuery "HTTP/1.1 200 OK"
2026-01-01 11:30:09,102 - httpx - INFO - HTTP Request: POST https://api.telegram.org/bot8535138873:AAG7W5ZJKFj_b4YT31RVjWp4HWoz9Pt9bWQ/editMessageText "HTTP/1.1 200 OK"
2026-01-01 11:30:16,567 - httpx - INFO - HTTP Request: POST https://api.telegram.org/bot8535138873:AAG7W5ZJKFj_b4YT31RVjWp4HWoz9Pt9bWQ/getUpdates "HTTP/1.1 200 OK"
2026-01-01 11:30:17,146 - httpx - INFO - HTTP Request: POST https://api.telegram.org/bot8535138873:AAG7W5ZJKFj_b4YT31RVjWp4HWoz9Pt9bWQ/answerCallbackQuery "HTTP/1.1 200 OK"
2026-01-01 11:30:17,333 - httpx - INFO - HTTP Request: POST https://api.telegram.org/bot8535138873:AAG7W5ZJKFj_b4YT31RVjWp4HWoz9Pt9bWQ/editMessageText "HTTP/1.1 200 OK"
2026-01-01 11:30:26,809 - httpx - INFO - HTTP Request: POST https://api.telegram.org/bot8535138873:AAG7W5ZJKFj_b4YT31RVjWp4HWoz9Pt9bWQ/getUpdates "HTTP/1.1 200 OK"
2026-01-01 11:30:27,632 - httpx - INFO - HTTP Request: POST https://api.telegram.org/bot8535138873:AAG7W5ZJKFj_b4YT31RVjWp4HWoz9Pt9bWQ/getUpdates "HTTP/1.1 200 OK"
2026-01-01 11:30:28,301 - httpx - INFO - HTTP Request: POST https://api.telegram.org/bot8535138873:AAG7W5ZJKFj_b4YT31RVjWp4HWoz9Pt9bWQ/sendMessage "HTTP/1.1 200 OK"
2026-01-01 11:30:33,587 - httpx - INFO - HTTP Request: POST https://api.telegram.org/bot8535138873:AAG7W5ZJKFj_b4YT31RVjWp4HWoz9Pt9bWQ/getUpdates "HTTP/1.1 200 OK"
2026-01-01 11:30:34,267 - httpx - INFO - HTTP Request: POST https://api.telegram.org/bot8535138873:AAG7W5ZJKFj_b4YT31RVjWp4HWoz9Pt9bWQ/answerCallbackQuery "HTTP/1.1 200 OK"
2026-01-01 11:30:34,268 - __main__ - ERROR - Update Update(callback_query=CallbackQuery(chat_instance='3197587131949679335', data='skip_notes', from_user=User(first_name='Prince', id=8240124552, is_bot=False, language_code='en'), id='7720949355484743884', message=Message(channel_chat_created=False, chat=Chat(first_name='Prince', id=8240124552, type=<ChatType.PRIVATE>), date=datetime.datetime(2026, 1, 1, 11, 30, 28, tzinfo=datetime.timezone.utc), delete_chat_photo=False, entities=(MessageEntity(length=11, offset=0, type=<MessageEntityType.BOLD>),), from_user=User(first_name='Bot_Hub', id=8535138873, is_bot=True, username='nestedAll_bot'), group_chat_created=False, message_id=13, reply_markup=InlineKeyboardMarkup(inline_keyboard=((InlineKeyboardButton(callback_data='skip_notes', text='⏭️ Skip'),), (InlineKeyboardButton(callback_data='cancel_request', text='❌ Cancel'),))), supergroup_chat_created=False, text='Step 5 of 5\n\nAny extra notes or specific requirements?\n\nExamples:\n• "I need it to integrate with Google Sheets"\n• "Should have a dashboard"\n• "Must support multiple languages"\n\nType your notes or click "Skip" if none:')), update_id=471547685) caused error name 'User' is not defined
2026-01-01 11:30:34,451 - httpx - INFO - HTTP Request: POST https://api.telegram.org/bot8535138873:AAG7W5ZJKFj_b4YT31RVjWp4HWoz9Pt9bWQ/sendMessage "HTTP/1.1 200 OK"
2026-01-01 11:30:43,763 - httpx - INFO - HTTP Request: POST https://api.telegram.org/bot8535138873:AAG7W5ZJKFj_b4YT31RVjWp4HWoz9Pt9bWQ/getUpdates "HTTP/1.1 200 OK"
2026-01-01 11:30:47,653 - httpx - INFO - HTTP Request: POST https://api.telegram.org/bot8535138873:AAG7W5ZJKFj_b4YT31RVjWp4HWoz9Pt9bWQ/getUpdates "HTTP/1.1 200 OK"
2026-01-01 11:30:48,315 - httpx - INFO - HTTP Request: POST https://api.telegram.org/bot8535138873:AAG7W5ZJKFj_b4YT31RVjWp4HWoz9Pt9bWQ/answerCallbackQuery "HTTP/1.1 200 OK"
2026-01-01 11:30:48,576 - httpx - INFO - HTTP Request: POST https://api.telegram.org/bot8535138873:AAG7W5ZJKFj_b4YT31RVjWp4HWoz9Pt9bWQ/editMessageText "HTTP/1.1 200 OK"
2026-01-01 11:30:52,245 - httpx - INFO - HTTP Request: POST https://api.telegram.org/bot8535138873:AAG7W5ZJKFj_b4YT31RVjWp4HWoz9Pt9bWQ/getUpdates "HTTP/1.1 200 OK"
2026-01-01 11:30:52,414 - httpx - INFO - HTTP Request: POST https://api.telegram.org/bot8535138873:AAG7W5ZJKFj_b4YT31RVjWp4HWoz9Pt9bWQ/answerCallbackQuery "HTTP/1.1 200 OK"
2026-01-01 11:30:52,619 - httpx - INFO - HTTP Request: POST https://api.telegram.org/bot8535138873:AAG7W5ZJKFj_b4YT31RVjWp4HWoz9Pt9bWQ/editMessageText "HTTP/1.1 200 OK"
2026-01-01 11:30:57,762 - httpx - INFO - HTTP Request: POST https://api.telegram.org/bot8535138873:AAG7W5ZJKFj_b4YT31RVjWp4HWoz9Pt9bWQ/getUpdates "HTTP/1.1 200 OK"
2026-01-01 11:31:02,472 - httpx - INFO - HTTP Request: POST https://api.telegram.org/bot8535138873:AAG7W5ZJKFj_b4YT31RVjWp4HWoz9Pt9bWQ/getUpdates "HTTP/1.1 200 OK"
2026-01-01 11:31:04,150 - httpx - INFO - HTTP Request: POST https://api.telegram.org/bot8535138873:AAG7W5ZJKFj_b4YT31RVjWp4HWoz9Pt9bWQ/getUpdates "HTTP/1.1 200 OK"
2026-01-01 11:31:14,315 - httpx - INFO - HTTP Request: POST https://api.telegram.org/bot8535138873:AAG7W5ZJKFj_b4YT31RVjWp4HWoz9Pt9bWQ/getUpdates "HTTP/1.1 200 OK"
2026-01-01 11:31:20,506 - httpx - INFO - HTTP Request: POST https://api.telegram.org/bot8535138873:AAG7W5ZJKFj_b4YT31RVjWp4HWoz9Pt9bWQ/getUpdates "HTTP/1.1 200 OK"
2026-01-01 11:31:20,507 - telegram.ext.Application - INFO - Application is stopping. This might take a moment.
2026-01-01 11:31:20,507 - telegram.ext.Application - INFO - Application.stop() complete
2026-01-01 11:54:34,869 - __main__ - INFO - Sample bots initialized
2026-01-01 11:54:34,915 - __main__ - INFO - Starting bot...
2026-01-01 11:54:35,656 - httpx - INFO - HTTP Request: POST https://api.telegram.org/bot8535138873:AAG7W5ZJKFj_b4YT31RVjWp4HWoz9Pt9bWQ/getMe "HTTP/1.1 200 OK"
2026-01-01 11:54:35,836 - httpx - INFO - HTTP Request: POST https://api.telegram.org/bot8535138873:AAG7W5ZJKFj_b4YT31RVjWp4HWoz9Pt9bWQ/deleteWebhook "HTTP/1.1 200 OK"
2026-01-01 11:54:35,838 - telegram.ext.Application - INFO - Application started
2026-01-01 11:54:46,462 - httpx - INFO - HTTP Request: POST https://api.telegram.org/bot8535138873:AAG7W5ZJKFj_b4YT31RVjWp4HWoz9Pt9bWQ/getUpdates "HTTP/1.1 200 OK"
2026-01-01 11:54:56,719 - httpx - INFO - HTTP Request: POST https://api.telegram.org/bot8535138873:AAG7W5ZJKFj_b4YT31RVjWp4HWoz9Pt9bWQ/getUpdates "HTTP/1.1 200 OK"
2026-01-01 11:55:03,638 - httpx - INFO - HTTP Request: POST https://api.telegram.org/bot8535138873:AAG7W5ZJKFj_b4YT31RVjWp4HWoz9Pt9bWQ/getUpdates "HTTP/1.1 200 OK"
2026-01-01 11:55:04,219 - httpx - INFO - HTTP Request: POST https://api.telegram.org/bot8535138873:AAG7W5ZJKFj_b4YT31RVjWp4HWoz9Pt9bWQ/sendMessage "HTTP/1.1 200 OK"
2026-01-01 11:55:05,866 - httpx - INFO - HTTP Request: POST https://api.telegram.org/bot8535138873:AAG7W5ZJKFj_b4YT31RVjWp4HWoz9Pt9bWQ/getUpdates "HTTP/1.1 200 OK"
2026-01-01 11:55:06,105 - httpx - INFO - HTTP Request: POST https://api.telegram.org/bot8535138873:AAG7W5ZJKFj_b4YT31RVjWp4HWoz9Pt9bWQ/answerCallbackQuery "HTTP/1.1 200 OK"
2026-01-01 11:55:06,345 - httpx - INFO - HTTP Request: POST https://api.telegram.org/bot8535138873:AAG7W5ZJKFj_b4YT31RVjWp4HWoz9Pt9bWQ/editMessageText "HTTP/1.1 200 OK"
2026-01-01 11:55:10,069 - httpx - INFO - HTTP Request: POST https://api.telegram.org/bot8535138873:AAG7W5ZJKFj_b4YT31RVjWp4HWoz9Pt9bWQ/getUpdates "HTTP/1.1 200 OK"
2026-01-01 11:55:10,294 - httpx - INFO - HTTP Request: POST https://api.telegram.org/bot8535138873:AAG7W5ZJKFj_b4YT31RVjWp4HWoz9Pt9bWQ/answerCallbackQuery "HTTP/1.1 200 OK"
2026-01-01 11:55:10,548 - httpx - INFO - HTTP Request: POST https://api.telegram.org/bot8535138873:AAG7W5ZJKFj_b4YT31RVjWp4HWoz9Pt9bWQ/editMessageText "HTTP/1.1 200 OK"
2026-01-01 11:55:17,598 - httpx - INFO - HTTP Request: POST https://api.telegram.org/bot8535138873:AAG7W5ZJKFj_b4YT31RVjWp4HWoz9Pt9bWQ/getUpdates "HTTP/1.1 200 OK"
2026-01-01 11:55:18,507 - httpx - INFO - HTTP Request: POST https://api.telegram.org/bot8535138873:AAG7W5ZJKFj_b4YT31RVjWp4HWoz9Pt9bWQ/sendMessage "HTTP/1.1 200 OK"
2026-01-01 11:55:21,151 - httpx - INFO - HTTP Request: POST https://api.telegram.org/bot8535138873:AAG7W5ZJKFj_b4YT31RVjWp4HWoz9Pt9bWQ/getUpdates "HTTP/1.1 200 OK"
2026-01-01 11:55:21,444 - httpx - INFO - HTTP Request: POST https://api.telegram.org/bot8535138873:AAG7W5ZJKFj_b4YT31RVjWp4HWoz9Pt9bWQ/answerCallbackQuery "HTTP/1.1 200 OK"
2026-01-01 11:55:21,696 - httpx - INFO - HTTP Request: POST https://api.telegram.org/bot8535138873:AAG7W5ZJKFj_b4YT31RVjWp4HWoz9Pt9bWQ/editMessageText "HTTP/1.1 200 OK"
2026-01-01 11:55:23,885 - httpx - INFO - HTTP Request: POST https://api.telegram.org/bot8535138873:AAG7W5ZJKFj_b4YT31RVjWp4HWoz9Pt9bWQ/getUpdates "HTTP/1.1 200 OK"
2026-01-01 11:55:24,101 - httpx - INFO - HTTP Request: POST https://api.telegram.org/bot8535138873:AAG7W5ZJKFj_b4YT31RVjWp4HWoz9Pt9bWQ/answerCallbackQuery "HTTP/1.1 200 OK"
2026-01-01 11:55:24,401 - httpx - INFO - HTTP Request: POST https://api.telegram.org/bot8535138873:AAG7W5ZJKFj_b4YT31RVjWp4HWoz9Pt9bWQ/editMessageText "HTTP/1.1 200 OK"
2026-01-01 11:55:35,752 - httpx - INFO - HTTP Request: POST https://api.telegram.org/bot8535138873:AAG7W5ZJKFj_b4YT31RVjWp4HWoz9Pt9bWQ/getUpdates "HTTP/1.1 200 OK"
2026-01-01 11:55:35,945 - httpx - INFO - HTTP Request: POST https://api.telegram.org/bot8535138873:AAG7W5ZJKFj_b4YT31RVjWp4HWoz9Pt9bWQ/getUpdates "HTTP/1.1 200 OK"
2026-01-01 11:55:36,689 - httpx - INFO - HTTP Request: POST https://api.telegram.org/bot8535138873:AAG7W5ZJKFj_b4YT31RVjWp4HWoz9Pt9bWQ/sendMessage "HTTP/1.1 200 OK"
2026-01-01 11:55:46,124 - httpx - INFO - HTTP Request: POST https://api.telegram.org/bot8535138873:AAG7W5ZJKFj_b4YT31RVjWp4HWoz9Pt9bWQ/getUpdates "HTTP/1.1 200 OK"
2026-01-01 11:55:47,517 - httpx - INFO - HTTP Request: POST https://api.telegram.org/bot8535138873:AAG7W5ZJKFj_b4YT31RVjWp4HWoz9Pt9bWQ/getUpdates "HTTP/1.1 200 OK"
2026-01-01 11:55:48,244 - httpx - INFO - HTTP Request: POST https://api.telegram.org/bot8535138873:AAG7W5ZJKFj_b4YT31RVjWp4HWoz9Pt9bWQ/sendMessage "HTTP/1.1 200 OK"
2026-01-01 11:55:48,783 - httpx - INFO - HTTP Request: POST https://api.telegram.org/bot8535138873:AAG7W5ZJKFj_b4YT31RVjWp4HWoz9Pt9bWQ/sendMessage "HTTP/1.1 200 OK"
2026-01-01 11:56:12,843 - httpx - INFO - HTTP Request: POST https://api.telegram.org/bot8535138873:AAG7W5ZJKFj_b4YT31RVjWp4HWoz9Pt9bWQ/getUpdates "HTTP/1.1 200 OK"
2026-01-01 11:56:13,646 - httpx - INFO - HTTP Request: POST https://api.telegram.org/bot8535138873:AAG7W5ZJKFj_b4YT31RVjWp4HWoz9Pt9bWQ/sendMessage "HTTP/1.1 200 OK"
2026-01-01 11:56:15,009 - httpx - INFO - HTTP Request: POST https://api.telegram.org/bot8535138873:AAG7W5ZJKFj_b4YT31RVjWp4HWoz9Pt9bWQ/getUpdates "HTTP/1.1 200 OK"
2026-01-01 11:56:15,199 - httpx - INFO - HTTP Request: POST https://api.telegram.org/bot8535138873:AAG7W5ZJKFj_b4YT31RVjWp4HWoz9Pt9bWQ/answerCallbackQuery "HTTP/1.1 200 OK"
2026-01-01 11:56:15,402 - httpx - INFO - HTTP Request: POST https://api.telegram.org/bot8535138873:AAG7W5ZJKFj_b4YT31RVjWp4HWoz9Pt9bWQ/editMessageText "HTTP/1.1 200 OK"
2026-01-01 11:56:17,676 - httpx - INFO - HTTP Request: POST https://api.telegram.org/bot8535138873:AAG7W5ZJKFj_b4YT31RVjWp4HWoz9Pt9bWQ/getUpdates "HTTP/1.1 200 OK"
2026-01-01 11:56:18,035 - httpx - INFO - HTTP Request: POST https://api.telegram.org/bot8535138873:AAG7W5ZJKFj_b4YT31RVjWp4HWoz9Pt9bWQ/answerCallbackQuery "HTTP/1.1 200 OK"
2026-01-01 11:56:18,242 - httpx - INFO - HTTP Request: POST https://api.telegram.org/bot8535138873:AAG7W5ZJKFj_b4YT31RVjWp4HWoz9Pt9bWQ/editMessageText "HTTP/1.1 200 OK"
2026-01-01 11:56:27,912 - httpx - INFO - HTTP Request: POST https://api.telegram.org/bot8535138873:AAG7W5ZJKFj_b4YT31RVjWp4HWoz9Pt9bWQ/getUpdates "HTTP/1.1 200 OK"
2026-01-01 11:56:38,127 - httpx - INFO - HTTP Request: POST https://api.telegram.org/bot8535138873:AAG7W5ZJKFj_b4YT31RVjWp4HWoz9Pt9bWQ/getUpdates "HTTP/1.1 200 OK"
2026-01-01 11:56:46,681 - httpx - INFO - HTTP Request: POST https://api.telegram.org/bot8535138873:AAG7W5ZJKFj_b4YT31RVjWp4HWoz9Pt9bWQ/getUpdates "HTTP/1.1 200 OK"
2026-01-01 11:56:49,643 - httpx - INFO - HTTP Request: POST https://api.telegram.org/bot8535138873:AAG7W5ZJKFj_b4YT31RVjWp4HWoz9Pt9bWQ/getUpdates "HTTP/1.1 200 OK"
2026-01-01 11:56:51,612 - httpx - INFO - HTTP Request: POST https://api.telegram.org/bot8535138873:AAG7W5ZJKFj_b4YT31RVjWp4HWoz9Pt9bWQ/getUpdates "HTTP/1.1 200 OK"
2026-01-01 11:56:53,201 - httpx - INFO - HTTP Request: POST https://api.telegram.org/bot8535138873:AAG7W5ZJKFj_b4YT31RVjWp4HWoz9Pt9bWQ/getUpdates "HTTP/1.1 200 OK"
2026-01-01 11:56:53,735 - httpx - INFO - HTTP Request: POST https://api.telegram.org/bot8535138873:AAG7W5ZJKFj_b4YT31RVjWp4HWoz9Pt9bWQ/answerCallbackQuery "HTTP/1.1 200 OK"
2026-01-01 11:56:53,962 - httpx - INFO - HTTP Request: POST https://api.telegram.org/bot8535138873:AAG7W5ZJKFj_b4YT31RVjWp4HWoz9Pt9bWQ/editMessageText "HTTP/1.1 200 OK"
2026-01-01 11:57:02,265 - httpx - INFO - HTTP Request: POST https://api.telegram.org/bot8535138873:AAG7W5ZJKFj_b4YT31RVjWp4HWoz9Pt9bWQ/getUpdates "HTTP/1.1 200 OK"
2026-01-01 11:57:02,805 - httpx - INFO - HTTP Request: POST https://api.telegram.org/bot8535138873:AAG7W5ZJKFj_b4YT31RVjWp4HWoz9Pt9bWQ/sendMessage "HTTP/1.1 200 OK"
2026-01-01 11:57:04,942 - httpx - INFO - HTTP Request: POST https://api.telegram.org/bot8535138873:AAG7W5ZJKFj_b4YT31RVjWp4HWoz9Pt9bWQ/getUpdates "HTTP/1.1 200 OK"
2026-01-01 11:57:05,155 - httpx - INFO - HTTP Request: POST https://api.telegram.org/bot8535138873:AAG7W5ZJKFj_b4YT31RVjWp4HWoz9Pt9bWQ/answerCallbackQuery "HTTP/1.1 200 OK"
2026-01-01 11:57:05,352 - httpx - INFO - HTTP Request: POST https://api.telegram.org/bot8535138873:AAG7W5ZJKFj_b4YT31RVjWp4HWoz9Pt9bWQ/editMessageText "HTTP/1.1 200 OK"
2026-01-01 11:57:06,759 - httpx - INFO - HTTP Request: POST https://api.telegram.org/bot8535138873:AAG7W5ZJKFj_b4YT31RVjWp4HWoz9Pt9bWQ/getUpdates "HTTP/1.1 200 OK"
2026-01-01 11:57:06,947 - httpx - INFO - HTTP Request: POST https://api.telegram.org/bot8535138873:AAG7W5ZJKFj_b4YT31RVjWp4HWoz9Pt9bWQ/answerCallbackQuery "HTTP/1.1 200 OK"
2026-01-01 11:57:07,181 - httpx - INFO - HTTP Request: POST https://api.telegram.org/bot8535138873:AAG7W5ZJKFj_b4YT31RVjWp4HWoz9Pt9bWQ/editMessageText "HTTP/1.1 200 OK"
2026-01-01 11:57:12,075 - httpx - INFO - HTTP Request: POST https://api.telegram.org/bot8535138873:AAG7W5ZJKFj_b4YT31RVjWp4HWoz9Pt9bWQ/getUpdates "HTTP/1.1 200 OK"
2026-01-01 11:57:14,727 - httpx - INFO - HTTP Request: POST https://api.telegram.org/bot8535138873:AAG7W5ZJKFj_b4YT31RVjWp4HWoz9Pt9bWQ/getUpdates "HTTP/1.1 200 OK"
2026-01-01 11:57:15,761 - httpx - INFO - HTTP Request: POST https://api.telegram.org/bot8535138873:AAG7W5ZJKFj_b4YT31RVjWp4HWoz9Pt9bWQ/getUpdates "HTTP/1.1 200 OK"
2026-01-01 11:57:16,420 - httpx - INFO - HTTP Request: POST https://api.telegram.org/bot8535138873:AAG7W5ZJKFj_b4YT31RVjWp4HWoz9Pt9bWQ/answerCallbackQuery "HTTP/1.1 200 OK"
2026-01-01 11:57:16,622 - httpx - INFO - HTTP Request: POST https://api.telegram.org/bot8535138873:AAG7W5ZJKFj_b4YT31RVjWp4HWoz9Pt9bWQ/editMessageText "HTTP/1.1 200 OK"
2026-01-01 11:57:22,421 - httpx - INFO - HTTP Request: POST https://api.telegram.org/bot8535138873:AAG7W5ZJKFj_b4YT31RVjWp4HWoz9Pt9bWQ/getUpdates "HTTP/1.1 200 OK"
2026-01-01 11:57:23,027 - httpx - INFO - HTTP Request: POST https://api.telegram.org/bot8535138873:AAG7W5ZJKFj_b4YT31RVjWp4HWoz9Pt9bWQ/answerCallbackQuery "HTTP/1.1 200 OK"
2026-01-01 11:57:23,335 - httpx - INFO - HTTP Request: POST https://api.telegram.org/bot8535138873:AAG7W5ZJKFj_b4YT31RVjWp4HWoz9Pt9bWQ/editMessageText "HTTP/1.1 200 OK"
2026-01-01 11:57:27,526 - httpx - INFO - HTTP Request: POST https://api.telegram.org/bot8535138873:AAG7W5ZJKFj_b4YT31RVjWp4HWoz9Pt9bWQ/getUpdates "HTTP/1.1 200 OK"
2026-01-01 11:57:30,312 - httpx - INFO - HTTP Request: POST https://api.telegram.org/bot8535138873:AAG7W5ZJKFj_b4YT31RVjWp4HWoz9Pt9bWQ/getUpdates "HTTP/1.1 200 OK"
2026-01-01 11:57:30,679 - httpx - INFO - HTTP Request: POST https://api.telegram.org/bot8535138873:AAG7W5ZJKFj_b4YT31RVjWp4HWoz9Pt9bWQ/getUpdates "HTTP/1.1 200 OK"
2026-01-01 11:57:30,857 - httpx - INFO - HTTP Request: POST https://api.telegram.org/bot8535138873:AAG7W5ZJKFj_b4YT31RVjWp4HWoz9Pt9bWQ/getUpdates "HTTP/1.1 200 OK"
2026-01-01 11:57:32,788 - httpx - INFO - HTTP Request: POST https://api.telegram.org/bot8535138873:AAG7W5ZJKFj_b4YT31RVjWp4HWoz9Pt9bWQ/getUpdates "HTTP/1.1 200 OK"
2026-01-01 11:57:34,374 - httpx - INFO - HTTP Request: POST https://api.telegram.org/bot8535138873:AAG7W5ZJKFj_b4YT31RVjWp4HWoz9Pt9bWQ/getUpdates "HTTP/1.1 200 OK"
2026-01-01 11:57:44,616 - httpx - INFO - HTTP Request: POST https://api.telegram.org/bot8535138873:AAG7W5ZJKFj_b4YT31RVjWp4HWoz9Pt9bWQ/getUpdates "HTTP/1.1 200 OK"
2026-01-01 11:57:54,828 - httpx - INFO - HTTP Request: POST https://api.telegram.org/bot8535138873:AAG7W5ZJKFj_b4YT31RVjWp4HWoz9Pt9bWQ/getUpdates "HTTP/1.1 200 OK"
2026-01-01 11:58:05,047 - httpx - INFO - HTTP Request: POST https://api.telegram.org/bot8535138873:AAG7W5ZJKFj_b4YT31RVjWp4HWoz9Pt9bWQ/getUpdates "HTTP/1.1 200 OK"
2026-01-01 11:58:15,285 - httpx - INFO - HTTP Request: POST https://api.telegram.org/bot8535138873:AAG7W5ZJKFj_b4YT31RVjWp4HWoz9Pt9bWQ/getUpdates "HTTP/1.1 200 OK"
2026-01-01 11:58:25,484 - httpx - INFO - HTTP Request: POST https://api.telegram.org/bot8535138873:AAG7W5ZJKFj_b4YT31RVjWp4HWoz9Pt9bWQ/getUpdates "HTTP/1.1 200 OK"
2026-01-01 11:58:35,693 - httpx - INFO - HTTP Request: POST https://api.telegram.org/bot8535138873:AAG7W5ZJKFj_b4YT31RVjWp4HWoz9Pt9bWQ/getUpdates "HTTP/1.1 200 OK"
2026-01-01 11:58:45,871 - httpx - INFO - HTTP Request: POST https://api.telegram.org/bot8535138873:AAG7W5ZJKFj_b4YT31RVjWp4HWoz9Pt9bWQ/getUpdates "HTTP/1.1 200 OK"
2026-01-01 11:58:56,081 - httpx - INFO - HTTP Request: POST https://api.telegram.org/bot8535138873:AAG7W5ZJKFj_b4YT31RVjWp4HWoz9Pt9bWQ/getUpdates "HTTP/1.1 200 OK"
2026-01-01 11:59:06,287 - httpx - INFO - HTTP Request: POST https://api.telegram.org/bot8535138873:AAG7W5ZJKFj_b4YT31RVjWp4HWoz9Pt9bWQ/getUpdates "HTTP/1.1 200 OK"
2026-01-01 11:59:16,519 - httpx - INFO - HTTP Request: POST https://api.telegram.org/bot8535138873:AAG7W5ZJKFj_b4YT31RVjWp4HWoz9Pt9bWQ/getUpdates "HTTP/1.1 200 OK"
2026-01-01 11:59:26,700 - httpx - INFO - HTTP Request: POST https://api.telegram.org/bot8535138873:AAG7W5ZJKFj_b4YT31RVjWp4HWoz9Pt9bWQ/getUpdates "HTTP/1.1 200 OK"
2026-01-01 11:59:36,979 - httpx - INFO - HTTP Request: POST https://api.telegram.org/bot8535138873:AAG7W5ZJKFj_b4YT31RVjWp4HWoz9Pt9bWQ/getUpdates "HTTP/1.1 200 OK"
2026-01-01 11:59:47,256 - httpx - INFO - HTTP Request: POST https://api.telegram.org/bot8535138873:AAG7W5ZJKFj_b4YT31RVjWp4HWoz9Pt9bWQ/getUpdates "HTTP/1.1 200 OK"
2026-01-01 11:59:57,535 - httpx - INFO - HTTP Request: POST https://api.telegram.org/bot8535138873:AAG7W5ZJKFj_b4YT31RVjWp4HWoz9Pt9bWQ/getUpdates "HTTP/1.1 200 OK"
2026-01-01 12:00:07,775 - httpx - INFO - HTTP Request: POST https://api.telegram.org/bot8535138873:AAG7W5ZJKFj_b4YT31RVjWp4HWoz9Pt9bWQ/getUpdates "HTTP/1.1 200 OK"
2026-01-01 12:00:18,105 - httpx - INFO - HTTP Request: POST https://api.telegram.org/bot8535138873:AAG7W5ZJKFj_b4YT31RVjWp4HWoz9Pt9bWQ/getUpdates "HTTP/1.1 200 OK"
2026-01-01 12:00:28,380 - httpx - INFO - HTTP Request: POST https://api.telegram.org/bot8535138873:AAG7W5ZJKFj_b4YT31RVjWp4HWoz9Pt9bWQ/getUpdates "HTTP/1.1 200 OK"
2026-01-01 12:00:38,692 - httpx - INFO - HTTP Request: POST https://api.telegram.org/bot8535138873:AAG7W5ZJKFj_b4YT31RVjWp4HWoz9Pt9bWQ/getUpdates "HTTP/1.1 200 OK"
2026-01-01 12:00:48,975 - httpx - INFO - HTTP Request: POST https://api.telegram.org/bot8535138873:AAG7W5ZJKFj_b4YT31RVjWp4HWoz9Pt9bWQ/getUpdates "HTTP/1.1 200 OK"
2026-01-01 12:00:59,222 - httpx - INFO - HTTP Request: POST https://api.telegram.org/bot8535138873:AAG7W5ZJKFj_b4YT31RVjWp4HWoz9Pt9bWQ/getUpdates "HTTP/1.1 200 OK"
2026-01-01 12:01:09,502 - httpx - INFO - HTTP Request: POST https://api.telegram.org/bot8535138873:AAG7W5ZJKFj_b4YT31RVjWp4HWoz9Pt9bWQ/getUpdates "HTTP/1.1 200 OK"
2026-01-01 12:01:19,782 - httpx - INFO - HTTP Request: POST https://api.telegram.org/bot8535138873:AAG7W5ZJKFj_b4YT31RVjWp4HWoz9Pt9bWQ/getUpdates "HTTP/1.1 200 OK"
2026-01-01 12:01:30,062 - httpx - INFO - HTTP Request: POST https://api.telegram.org/bot8535138873:AAG7W5ZJKFj_b4YT31RVjWp4HWoz9Pt9bWQ/getUpdates "HTTP/1.1 200 OK"
2026-01-01 12:01:40,343 - httpx - INFO - HTTP Request: POST https://api.telegram.org/bot8535138873:AAG7W5ZJKFj_b4YT31RVjWp4HWoz9Pt9bWQ/getUpdates "HTTP/1.1 200 OK"
2026-01-01 12:01:50,624 - httpx - INFO - HTTP Request: POST https://api.telegram.org/bot8535138873:AAG7W5ZJKFj_b4YT31RVjWp4HWoz9Pt9bWQ/getUpdates "HTTP/1.1 200 OK"
2026-01-01 12:02:00,903 - httpx - INFO - HTTP Request: POST https://api.telegram.org/bot8535138873:AAG7W5ZJKFj_b4YT31RVjWp4HWoz9Pt9bWQ/getUpdates "HTTP/1.1 200 OK"
2026-01-01 12:02:11,184 - httpx - INFO - HTTP Request: POST https://api.telegram.org/bot8535138873:AAG7W5ZJKFj_b4YT31RVjWp4HWoz9Pt9bWQ/getUpdates "HTTP/1.1 200 OK"
2026-01-01 12:02:21,464 - httpx - INFO - HTTP Request: POST https://api.telegram.org/bot8535138873:AAG7W5ZJKFj_b4YT31RVjWp4HWoz9Pt9bWQ/getUpdates "HTTP/1.1 200 OK"
2026-01-01 12:02:31,774 - httpx - INFO - HTTP Request: POST https://api.telegram.org/bot8535138873:AAG7W5ZJKFj_b4YT31RVjWp4HWoz9Pt9bWQ/getUpdates "HTTP/1.1 200 OK"
2026-01-01 12:02:35,890 - httpx - INFO - HTTP Request: POST https://api.telegram.org/bot8535138873:AAG7W5ZJKFj_b4YT31RVjWp4HWoz9Pt9bWQ/getUpdates "HTTP/1.1 200 OK"
2026-01-01 12:02:35,891 - telegram.ext.Application - INFO - Application is stopping. This might take a moment.
2026-01-01 12:02:35,891 - telegram.ext.Application - INFO - Application.stop() complete
2026-01-01 12:12:16,528 - __main__ - INFO - Sample bots initialized
2026-01-01 12:12:16,573 - __main__ - INFO - Starting bot...
2026-01-01 12:15:09,058 - __main__ - INFO - Sample bots initialized
2026-01-01 12:15:09,111 - __main__ - INFO - Starting bot...
2026-01-01 12:15:09,620 - httpx - INFO - HTTP Request: POST https://api.telegram.org/bot8535138873:AAG7W5ZJKFj_b4YT31RVjWp4HWoz9Pt9bWQ/getMe "HTTP/1.1 200 OK"
2026-01-01 12:15:09,768 - httpx - INFO - HTTP Request: POST https://api.telegram.org/bot8535138873:AAG7W5ZJKFj_b4YT31RVjWp4HWoz9Pt9bWQ/deleteWebhook "HTTP/1.1 200 OK"
2026-01-01 12:15:09,771 - telegram.ext.Application - INFO - Application started
2026-01-01 12:15:20,135 - httpx - INFO - HTTP Request: POST https://api.telegram.org/bot8535138873:AAG7W5ZJKFj_b4YT31RVjWp4HWoz9Pt9bWQ/getUpdates "HTTP/1.1 200 OK"
2026-01-01 12:15:20,656 - httpx - INFO - HTTP Request: POST https://api.telegram.org/bot8535138873:AAG7W5ZJKFj_b4YT31RVjWp4HWoz9Pt9bWQ/sendMessage "HTTP/1.1 200 OK"
2026-01-01 12:15:27,036 - httpx - INFO - HTTP Request: POST https://api.telegram.org/bot8535138873:AAG7W5ZJKFj_b4YT31RVjWp4HWoz9Pt9bWQ/getUpdates "HTTP/1.1 200 OK"
2026-01-01 12:15:27,730 - httpx - INFO - HTTP Request: POST https://api.telegram.org/bot8535138873:AAG7W5ZJKFj_b4YT31RVjWp4HWoz9Pt9bWQ/answerCallbackQuery "HTTP/1.1 200 OK"
2026-01-01 12:15:27,932 - httpx - INFO - HTTP Request: POST https://api.telegram.org/bot8535138873:AAG7W5ZJKFj_b4YT31RVjWp4HWoz9Pt9bWQ/editMessageText "HTTP/1.1 200 OK"
2026-01-01 12:15:32,391 - httpx - INFO - HTTP Request: POST https://api.telegram.org/bot8535138873:AAG7W5ZJKFj_b4YT31RVjWp4HWoz9Pt9bWQ/getUpdates "HTTP/1.1 200 OK"
2026-01-01 12:15:32,726 - httpx - INFO - HTTP Request: POST https://api.telegram.org/bot8535138873:AAG7W5ZJKFj_b4YT31RVjWp4HWoz9Pt9bWQ/answerCallbackQuery "HTTP/1.1 200 OK"
2026-01-01 12:15:32,913 - httpx - INFO - HTTP Request: POST https://api.telegram.org/bot8535138873:AAG7W5ZJKFj_b4YT31RVjWp4HWoz9Pt9bWQ/editMessageText "HTTP/1.1 200 OK"
2026-01-01 12:15:39,722 - httpx - INFO - HTTP Request: POST https://api.telegram.org/bot8535138873:AAG7W5ZJKFj_b4YT31RVjWp4HWoz9Pt9bWQ/getUpdates "HTTP/1.1 200 OK"
2026-01-01 12:15:40,404 - httpx - INFO - HTTP Request: POST https://api.telegram.org/bot8535138873:AAG7W5ZJKFj_b4YT31RVjWp4HWoz9Pt9bWQ/sendMessage "HTTP/1.1 200 OK"
2026-01-01 12:15:42,027 - httpx - INFO - HTTP Request: POST https://api.telegram.org/bot8535138873:AAG7W5ZJKFj_b4YT31RVjWp4HWoz9Pt9bWQ/getUpdates "HTTP/1.1 200 OK"
2026-01-01 12:15:42,209 - httpx - INFO - HTTP Request: POST https://api.telegram.org/bot8535138873:AAG7W5ZJKFj_b4YT31RVjWp4HWoz9Pt9bWQ/answerCallbackQuery "HTTP/1.1 200 OK"
2026-01-01 12:15:42,395 - httpx - INFO - HTTP Request: POST https://api.telegram.org/bot8535138873:AAG7W5ZJKFj_b4YT31RVjWp4HWoz9Pt9bWQ/editMessageText "HTTP/1.1 200 OK"
2026-01-01 12:15:44,069 - httpx - INFO - HTTP Request: POST https://api.telegram.org/bot8535138873:AAG7W5ZJKFj_b4YT31RVjWp4HWoz9Pt9bWQ/getUpdates "HTTP/1.1 200 OK"
2026-01-01 12:15:44,254 - httpx - INFO - HTTP Request: POST https://api.telegram.org/bot8535138873:AAG7W5ZJKFj_b4YT31RVjWp4HWoz9Pt9bWQ/answerCallbackQuery "HTTP/1.1 200 OK"
2026-01-01 12:15:44,687 - httpx - INFO - HTTP Request: POST https://api.telegram.org/bot8535138873:AAG7W5ZJKFj_b4YT31RVjWp4HWoz9Pt9bWQ/editMessageText "HTTP/1.1 200 OK"
2026-01-01 12:15:51,600 - httpx - INFO - HTTP Request: POST https://api.telegram.org/bot8535138873:AAG7W5ZJKFj_b4YT31RVjWp4HWoz9Pt9bWQ/getUpdates "HTTP/1.1 200 OK"
2026-01-01 12:15:52,194 - httpx - INFO - HTTP Request: POST https://api.telegram.org/bot8535138873:AAG7W5ZJKFj_b4YT31RVjWp4HWoz9Pt9bWQ/sendMessage "HTTP/1.1 200 OK"
2026-01-01 12:15:54,876 - httpx - INFO - HTTP Request: POST https://api.telegram.org/bot8535138873:AAG7W5ZJKFj_b4YT31RVjWp4HWoz9Pt9bWQ/getUpdates "HTTP/1.1 200 OK"
2026-01-01 12:15:55,043 - httpx - INFO - HTTP Request: POST https://api.telegram.org/bot8535138873:AAG7W5ZJKFj_b4YT31RVjWp4HWoz9Pt9bWQ/answerCallbackQuery "HTTP/1.1 200 OK"
2026-01-01 12:15:55,774 - httpx - INFO - HTTP Request: POST https://api.telegram.org/bot8535138873:AAG7W5ZJKFj_b4YT31RVjWp4HWoz9Pt9bWQ/sendMessage "HTTP/1.1 200 OK"
2026-01-01 12:15:55,949 - httpx - INFO - HTTP Request: POST https://api.telegram.org/bot8535138873:AAG7W5ZJKFj_b4YT31RVjWp4HWoz9Pt9bWQ/editMessageText "HTTP/1.1 200 OK"
2026-01-01 12:16:05,059 - httpx - INFO - HTTP Request: POST https://api.telegram.org/bot8535138873:AAG7W5ZJKFj_b4YT31RVjWp4HWoz9Pt9bWQ/getUpdates "HTTP/1.1 200 OK"
2026-01-01 12:16:06,140 - httpx - INFO - HTTP Request: POST https://api.telegram.org/bot8535138873:AAG7W5ZJKFj_b4YT31RVjWp4HWoz9Pt9bWQ/getUpdates "HTTP/1.1 200 OK"
2026-01-01 12:16:06,710 - httpx - INFO - HTTP Request: POST https://api.telegram.org/bot8535138873:AAG7W5ZJKFj_b4YT31RVjWp4HWoz9Pt9bWQ/sendMessage "HTTP/1.1 200 OK"
2026-01-01 12:16:07,974 - httpx - INFO - HTTP Request: POST https://api.telegram.org/bot8535138873:AAG7W5ZJKFj_b4YT31RVjWp4HWoz9Pt9bWQ/getUpdates "HTTP/1.1 200 OK"
2026-01-01 12:16:08,178 - httpx - INFO - HTTP Request: POST https://api.telegram.org/bot8535138873:AAG7W5ZJKFj_b4YT31RVjWp4HWoz9Pt9bWQ/answerCallbackQuery "HTTP/1.1 200 OK"
2026-01-01 12:16:08,364 - httpx - INFO - HTTP Request: POST https://api.telegram.org/bot8535138873:AAG7W5ZJKFj_b4YT31RVjWp4HWoz9Pt9bWQ/editMessageText "HTTP/1.1 200 OK"
2026-01-01 12:16:18,256 - httpx - INFO - HTTP Request: POST https://api.telegram.org/bot8535138873:AAG7W5ZJKFj_b4YT31RVjWp4HWoz9Pt9bWQ/getUpdates "HTTP/1.1 200 OK"
2026-01-01 12:16:25,308 - httpx - INFO - HTTP Request: POST https://api.telegram.org/bot8535138873:AAG7W5ZJKFj_b4YT31RVjWp4HWoz9Pt9bWQ/getUpdates "HTTP/1.1 200 OK"
2026-01-01 12:16:25,982 - httpx - INFO - HTTP Request: POST https://api.telegram.org/bot8535138873:AAG7W5ZJKFj_b4YT31RVjWp4HWoz9Pt9bWQ/sendMessage "HTTP/1.1 200 OK"
2026-01-01 12:16:28,536 - httpx - INFO - HTTP Request: POST https://api.telegram.org/bot8535138873:AAG7W5ZJKFj_b4YT31RVjWp4HWoz9Pt9bWQ/getUpdates "HTTP/1.1 200 OK"
2026-01-01 12:16:28,721 - httpx - INFO - HTTP Request: POST https://api.telegram.org/bot8535138873:AAG7W5ZJKFj_b4YT31RVjWp4HWoz9Pt9bWQ/answerCallbackQuery "HTTP/1.1 200 OK"
2026-01-01 12:16:28,931 - httpx - INFO - HTTP Request: POST https://api.telegram.org/bot8535138873:AAG7W5ZJKFj_b4YT31RVjWp4HWoz9Pt9bWQ/editMessageText "HTTP/1.1 200 OK"
2026-01-01 12:16:32,368 - httpx - INFO - HTTP Request: POST https://api.telegram.org/bot8535138873:AAG7W5ZJKFj_b4YT31RVjWp4HWoz9Pt9bWQ/getUpdates "HTTP/1.1 200 OK"
2026-01-01 12:16:32,548 - httpx - INFO - HTTP Request: POST https://api.telegram.org/bot8535138873:AAG7W5ZJKFj_b4YT31RVjWp4HWoz9Pt9bWQ/answerCallbackQuery "HTTP/1.1 200 OK"
2026-01-01 12:16:32,765 - httpx - INFO - HTTP Request: POST https://api.telegram.org/bot8535138873:AAG7W5ZJKFj_b4YT31RVjWp4HWoz9Pt9bWQ/editMessageText "HTTP/1.1 200 OK"
2026-01-01 12:16:36,407 - httpx - INFO - HTTP Request: POST https://api.telegram.org/bot8535138873:AAG7W5ZJKFj_b4YT31RVjWp4HWoz9Pt9bWQ/getUpdates "HTTP/1.1 200 OK"
2026-01-01 12:16:36,583 - httpx - INFO - HTTP Request: POST https://api.telegram.org/bot8535138873:AAG7W5ZJKFj_b4YT31RVjWp4HWoz9Pt9bWQ/answerCallbackQuery "HTTP/1.1 200 OK"
2026-01-01 12:16:36,767 - httpx - INFO - HTTP Request: POST https://api.telegram.org/bot8535138873:AAG7W5ZJKFj_b4YT31RVjWp4HWoz9Pt9bWQ/editMessageText "HTTP/1.1 200 OK"
2026-01-01 12:16:42,626 - httpx - INFO - HTTP Request: POST https://api.telegram.org/bot8535138873:AAG7W5ZJKFj_b4YT31RVjWp4HWoz9Pt9bWQ/getUpdates "HTTP/1.1 200 OK"
2026-01-01 12:16:43,224 - httpx - INFO - HTTP Request: POST https://api.telegram.org/bot8535138873:AAG7W5ZJKFj_b4YT31RVjWp4HWoz9Pt9bWQ/answerCallbackQuery "HTTP/1.1 200 OK"
2026-01-01 12:16:43,569 - httpx - INFO - HTTP Request: POST https://api.telegram.org/bot8535138873:AAG7W5ZJKFj_b4YT31RVjWp4HWoz9Pt9bWQ/editMessageText "HTTP/1.1 200 OK"
2026-01-01 12:16:49,122 - httpx - INFO - HTTP Request: POST https://api.telegram.org/bot8535138873:AAG7W5ZJKFj_b4YT31RVjWp4HWoz9Pt9bWQ/getUpdates "HTTP/1.1 200 OK"
2026-01-01 12:16:49,668 - httpx - INFO - HTTP Request: POST https://api.telegram.org/bot8535138873:AAG7W5ZJKFj_b4YT31RVjWp4HWoz9Pt9bWQ/answerCallbackQuery "HTTP/1.1 200 OK"
2026-01-01 12:16:49,881 - httpx - INFO - HTTP Request: POST https://api.telegram.org/bot8535138873:AAG7W5ZJKFj_b4YT31RVjWp4HWoz9Pt9bWQ/editMessageText "HTTP/1.1 200 OK"
2026-01-01 12:16:51,830 - httpx - INFO - HTTP Request: POST https://api.telegram.org/bot8535138873:AAG7W5ZJKFj_b4YT31RVjWp4HWoz9Pt9bWQ/getUpdates "HTTP/1.1 200 OK"
2026-01-01 12:16:52,035 - httpx - INFO - HTTP Request: POST https://api.telegram.org/bot8535138873:AAG7W5ZJKFj_b4YT31RVjWp4HWoz9Pt9bWQ/answerCallbackQuery "HTTP/1.1 200 OK"
2026-01-01 12:16:52,213 - httpx - INFO - HTTP Request: POST https://api.telegram.org/bot8535138873:AAG7W5ZJKFj_b4YT31RVjWp4HWoz9Pt9bWQ/editMessageText "HTTP/1.1 200 OK"
2026-01-01 12:16:56,867 - httpx - INFO - HTTP Request: POST https://api.telegram.org/bot8535138873:AAG7W5ZJKFj_b4YT31RVjWp4HWoz9Pt9bWQ/getUpdates "HTTP/1.1 200 OK"
2026-01-01 12:16:57,051 - httpx - INFO - HTTP Request: POST https://api.telegram.org/bot8535138873:AAG7W5ZJKFj_b4YT31RVjWp4HWoz9Pt9bWQ/answerCallbackQuery "HTTP/1.1 200 OK"
2026-01-01 12:16:57,240 - httpx - INFO - HTTP Request: POST https://api.telegram.org/bot8535138873:AAG7W5ZJKFj_b4YT31RVjWp4HWoz9Pt9bWQ/editMessageText "HTTP/1.1 200 OK"
2026-01-01 12:16:58,661 - httpx - INFO - HTTP Request: POST https://api.telegram.org/bot8535138873:AAG7W5ZJKFj_b4YT31RVjWp4HWoz9Pt9bWQ/getUpdates "HTTP/1.1 200 OK"
2026-01-01 12:16:58,838 - httpx - INFO - HTTP Request: POST https://api.telegram.org/bot8535138873:AAG7W5ZJKFj_b4YT31RVjWp4HWoz9Pt9bWQ/answerCallbackQuery "HTTP/1.1 200 OK"
2026-01-01 12:16:59,018 - httpx - INFO - HTTP Request: POST https://api.telegram.org/bot8535138873:AAG7W5ZJKFj_b4YT31RVjWp4HWoz9Pt9bWQ/editMessageText "HTTP/1.1 200 OK"
2026-01-01 12:17:08,832 - httpx - INFO - HTTP Request: POST https://api.telegram.org/bot8535138873:AAG7W5ZJKFj_b4YT31RVjWp4HWoz9Pt9bWQ/getUpdates "HTTP/1.1 200 OK"
2026-01-01 12:17:19,548 - httpx - INFO - HTTP Request: POST https://api.telegram.org/bot8535138873:AAG7W5ZJKFj_b4YT31RVjWp4HWoz9Pt9bWQ/getUpdates "HTTP/1.1 200 OK"
2026-01-01 12:17:29,776 - httpx - INFO - HTTP Request: POST https://api.telegram.org/bot8535138873:AAG7W5ZJKFj_b4YT31RVjWp4HWoz9Pt9bWQ/getUpdates "HTTP/1.1 200 OK"
2026-01-01 12:17:39,981 - httpx - INFO - HTTP Request: POST https://api.telegram.org/bot8535138873:AAG7W5ZJKFj_b4YT31RVjWp4HWoz9Pt9bWQ/getUpdates "HTTP/1.1 200 OK"
2026-01-01 12:17:50,184 - httpx - INFO - HTTP Request: POST https://api.telegram.org/bot8535138873:AAG7W5ZJKFj_b4YT31RVjWp4HWoz9Pt9bWQ/getUpdates "HTTP/1.1 200 OK"
2026-01-01 12:18:00,406 - httpx - INFO - HTTP Request: POST https://api.telegram.org/bot8535138873:AAG7W5ZJKFj_b4YT31RVjWp4HWoz9Pt9bWQ/getUpdates "HTTP/1.1 200 OK"
2026-01-01 12:18:10,577 - httpx - INFO - HTTP Request: POST https://api.telegram.org/bot8535138873:AAG7W5ZJKFj_b4YT31RVjWp4HWoz9Pt9bWQ/getUpdates "HTTP/1.1 200 OK"
2026-01-01 12:18:20,808 - httpx - INFO - HTTP Request: POST https://api.telegram.org/bot8535138873:AAG7W5ZJKFj_b4YT31RVjWp4HWoz9Pt9bWQ/getUpdates "HTTP/1.1 200 OK"
2026-01-01 12:18:31,007 - httpx - INFO - HTTP Request: POST https://api.telegram.org/bot8535138873:AAG7W5ZJKFj_b4YT31RVjWp4HWoz9Pt9bWQ/getUpdates "HTTP/1.1 200 OK"
2026-01-01 12:18:41,214 - httpx - INFO - HTTP Request: POST https://api.telegram.org/bot8535138873:AAG7W5ZJKFj_b4YT31RVjWp4HWoz9Pt9bWQ/getUpdates "HTTP/1.1 200 OK"
2026-01-01 12:18:51,445 - httpx - INFO - HTTP Request: POST https://api.telegram.org/bot8535138873:AAG7W5ZJKFj_b4YT31RVjWp4HWoz9Pt9bWQ/getUpdates "HTTP/1.1 200 OK"
2026-01-01 12:19:01,654 - httpx - INFO - HTTP Request: POST https://api.telegram.org/bot8535138873:AAG7W5ZJKFj_b4YT31RVjWp4HWoz9Pt9bWQ/getUpdates "HTTP/1.1 200 OK"
2026-01-01 12:19:11,835 - httpx - INFO - HTTP Request: POST https://api.telegram.org/bot8535138873:AAG7W5ZJKFj_b4YT31RVjWp4HWoz9Pt9bWQ/getUpdates "HTTP/1.1 200 OK"
2026-01-01 12:19:22,376 - httpx - INFO - HTTP Request: POST https://api.telegram.org/bot8535138873:AAG7W5ZJKFj_b4YT31RVjWp4HWoz9Pt9bWQ/getUpdates "HTTP/1.1 200 OK"
2026-01-01 12:19:32,600 - httpx - INFO - HTTP Request: POST https://api.telegram.org/bot8535138873:AAG7W5ZJKFj_b4YT31RVjWp4HWoz9Pt9bWQ/getUpdates "HTTP/1.1 200 OK"
2026-01-01 12:19:43,120 - httpx - INFO - HTTP Request: POST https://api.telegram.org/bot8535138873:AAG7W5ZJKFj_b4YT31RVjWp4HWoz9Pt9bWQ/getUpdates "HTTP/1.1 200 OK"
2026-01-01 12:19:53,304 - httpx - INFO - HTTP Request: POST https://api.telegram.org/bot8535138873:AAG7W5ZJKFj_b4YT31RVjWp4HWoz9Pt9bWQ/getUpdates "HTTP/1.1 200 OK"
2026-01-01 12:20:03,467 - httpx - INFO - HTTP Request: POST https://api.telegram.org/bot8535138873:AAG7W5ZJKFj_b4YT31RVjWp4HWoz9Pt9bWQ/getUpdates "HTTP/1.1 200 OK"
2026-01-01 12:20:13,626 - httpx - INFO - HTTP Request: POST https://api.telegram.org/bot8535138873:AAG7W5ZJKFj_b4YT31RVjWp4HWoz9Pt9bWQ/getUpdates "HTTP/1.1 200 OK"
2026-01-01 12:20:23,810 - httpx - INFO - HTTP Request: POST https://api.telegram.org/bot8535138873:AAG7W5ZJKFj_b4YT31RVjWp4HWoz9Pt9bWQ/getUpdates "HTTP/1.1 200 OK"
2026-01-01 12:20:33,971 - httpx - INFO - HTTP Request: POST https://api.telegram.org/bot8535138873:AAG7W5ZJKFj_b4YT31RVjWp4HWoz9Pt9bWQ/getUpdates "HTTP/1.1 200 OK"
2026-01-01 12:20:44,135 - httpx - INFO - HTTP Request: POST https://api.telegram.org/bot8535138873:AAG7W5ZJKFj_b4YT31RVjWp4HWoz9Pt9bWQ/getUpdates "HTTP/1.1 200 OK"
2026-01-01 12:20:54,372 - httpx - INFO - HTTP Request: POST https://api.telegram.org/bot8535138873:AAG7W5ZJKFj_b4YT31RVjWp4HWoz9Pt9bWQ/getUpdates "HTTP/1.1 200 OK"
2026-01-01 12:21:04,653 - httpx - INFO - HTTP Request: POST https://api.telegram.org/bot8535138873:AAG7W5ZJKFj_b4YT31RVjWp4HWoz9Pt9bWQ/getUpdates "HTTP/1.1 200 OK"
2026-01-01 12:21:14,941 - httpx - INFO - HTTP Request: POST https://api.telegram.org/bot8535138873:AAG7W5ZJKFj_b4YT31RVjWp4HWoz9Pt9bWQ/getUpdates "HTTP/1.1 200 OK"
2026-01-01 12:21:25,221 - httpx - INFO - HTTP Request: POST https://api.telegram.org/bot8535138873:AAG7W5ZJKFj_b4YT31RVjWp4HWoz9Pt9bWQ/getUpdates "HTTP/1.1 200 OK"
2026-01-01 12:21:35,512 - httpx - INFO - HTTP Request: POST https://api.telegram.org/bot8535138873:AAG7W5ZJKFj_b4YT31RVjWp4HWoz9Pt9bWQ/getUpdates "HTTP/1.1 200 OK"
2026-01-01 12:21:45,784 - httpx - INFO - HTTP Request: POST https://api.telegram.org/bot8535138873:AAG7W5ZJKFj_b4YT31RVjWp4HWoz9Pt9bWQ/getUpdates "HTTP/1.1 200 OK"
2026-01-01 12:21:56,065 - httpx - INFO - HTTP Request: POST https://api.telegram.org/bot8535138873:AAG7W5ZJKFj_b4YT31RVjWp4HWoz9Pt9bWQ/getUpdates "HTTP/1.1 200 OK"
2026-01-01 12:22:06,346 - httpx - INFO - HTTP Request: POST https://api.telegram.org/bot8535138873:AAG7W5ZJKFj_b4YT31RVjWp4HWoz9Pt9bWQ/getUpdates "HTTP/1.1 200 OK"
2026-01-01 12:22:16,627 - httpx - INFO - HTTP Request: POST https://api.telegram.org/bot8535138873:AAG7W5ZJKFj_b4YT31RVjWp4HWoz9Pt9bWQ/getUpdates "HTTP/1.1 200 OK"
2026-01-01 12:22:26,908 - httpx - INFO - HTTP Request: POST https://api.telegram.org/bot8535138873:AAG7W5ZJKFj_b4YT31RVjWp4HWoz9Pt9bWQ/getUpdates "HTTP/1.1 200 OK"
2026-01-01 12:22:37,189 - httpx - INFO - HTTP Request: POST https://api.telegram.org/bot8535138873:AAG7W5ZJKFj_b4YT31RVjWp4HWoz9Pt9bWQ/getUpdates "HTTP/1.1 200 OK"
2026-01-01 12:22:47,471 - httpx - INFO - HTTP Request: POST https://api.telegram.org/bot8535138873:AAG7W5ZJKFj_b4YT31RVjWp4HWoz9Pt9bWQ/getUpdates "HTTP/1.1 200 OK"
2026-01-01 12:22:57,752 - httpx - INFO - HTTP Request: POST https://api.telegram.org/bot8535138873:AAG7W5ZJKFj_b4YT31RVjWp4HWoz9Pt9bWQ/getUpdates "HTTP/1.1 200 OK"
2026-01-01 12:23:08,032 - httpx - INFO - HTTP Request: POST https://api.telegram.org/bot8535138873:AAG7W5ZJKFj_b4YT31RVjWp4HWoz9Pt9bWQ/getUpdates "HTTP/1.1 200 OK"
2026-01-01 12:23:18,314 - httpx - INFO - HTTP Request: POST https://api.telegram.org/bot8535138873:AAG7W5ZJKFj_b4YT31RVjWp4HWoz9Pt9bWQ/getUpdates "HTTP/1.1 200 OK"
2026-01-01 12:23:28,594 - httpx - INFO - HTTP Request: POST https://api.telegram.org/bot8535138873:AAG7W5ZJKFj_b4YT31RVjWp4HWoz9Pt9bWQ/getUpdates "HTTP/1.1 200 OK"
2026-01-01 12:23:38,876 - httpx - INFO - HTTP Request: POST https://api.telegram.org/bot8535138873:AAG7W5ZJKFj_b4YT31RVjWp4HWoz9Pt9bWQ/getUpdates "HTTP/1.1 200 OK"
2026-01-01 12:23:49,157 - httpx - INFO - HTTP Request: POST https://api.telegram.org/bot8535138873:AAG7W5ZJKFj_b4YT31RVjWp4HWoz9Pt9bWQ/getUpdates "HTTP/1.1 200 OK"
2026-01-01 12:23:59,438 - httpx - INFO - HTTP Request: POST https://api.telegram.org/bot8535138873:AAG7W5ZJKFj_b4YT31RVjWp4HWoz9Pt9bWQ/getUpdates "HTTP/1.1 200 OK"
2026-01-01 12:24:09,721 - httpx - INFO - HTTP Request: POST https://api.telegram.org/bot8535138873:AAG7W5ZJKFj_b4YT31RVjWp4HWoz9Pt9bWQ/getUpdates "HTTP/1.1 200 OK"
2026-01-01 12:24:19,999 - httpx - INFO - HTTP Request: POST https://api.telegram.org/bot8535138873:AAG7W5ZJKFj_b4YT31RVjWp4HWoz9Pt9bWQ/getUpdates "HTTP/1.1 200 OK"
2026-01-01 12:24:30,280 - httpx - INFO - HTTP Request: POST https://api.telegram.org/bot8535138873:AAG7W5ZJKFj_b4YT31RVjWp4HWoz9Pt9bWQ/getUpdates "HTTP/1.1 200 OK"
2026-01-01 12:24:40,561 - httpx - INFO - HTTP Request: POST https://api.telegram.org/bot8535138873:AAG7W5ZJKFj_b4YT31RVjWp4HWoz9Pt9bWQ/getUpdates "HTTP/1.1 200 OK"
2026-01-01 12:24:50,844 - httpx - INFO - HTTP Request: POST https://api.telegram.org/bot8535138873:AAG7W5ZJKFj_b4YT31RVjWp4HWoz9Pt9bWQ/getUpdates "HTTP/1.1 200 OK"
2026-01-01 12:25:01,122 - httpx - INFO - HTTP Request: POST https://api.telegram.org/bot8535138873:AAG7W5ZJKFj_b4YT31RVjWp4HWoz9Pt9bWQ/getUpdates "HTTP/1.1 200 OK"
2026-01-01 12:25:11,405 - httpx - INFO - HTTP Request: POST https://api.telegram.org/bot8535138873:AAG7W5ZJKFj_b4YT31RVjWp4HWoz9Pt9bWQ/getUpdates "HTTP/1.1 200 OK"
2026-01-01 12:25:21,684 - httpx - INFO - HTTP Request: POST https://api.telegram.org/bot8535138873:AAG7W5ZJKFj_b4YT31RVjWp4HWoz9Pt9bWQ/getUpdates "HTTP/1.1 200 OK"
2026-01-01 12:25:31,965 - httpx - INFO - HTTP Request: POST https://api.telegram.org/bot8535138873:AAG7W5ZJKFj_b4YT31RVjWp4HWoz9Pt9bWQ/getUpdates "HTTP/1.1 200 OK"
2026-01-01 12:25:42,248 - httpx - INFO - HTTP Request: POST https://api.telegram.org/bot8535138873:AAG7W5ZJKFj_b4YT31RVjWp4HWoz9Pt9bWQ/getUpdates "HTTP/1.1 200 OK"
2026-01-01 12:25:52,556 - httpx - INFO - HTTP Request: POST https://api.telegram.org/bot8535138873:AAG7W5ZJKFj_b4YT31RVjWp4HWoz9Pt9bWQ/getUpdates "HTTP/1.1 200 OK"
2026-01-01 12:26:02,809 - httpx - INFO - HTTP Request: POST https://api.telegram.org/bot8535138873:AAG7W5ZJKFj_b4YT31RVjWp4HWoz9Pt9bWQ/getUpdates "HTTP/1.1 200 OK"
2026-01-01 12:26:13,090 - httpx - INFO - HTTP Request: POST https://api.telegram.org/bot8535138873:AAG7W5ZJKFj_b4YT31RVjWp4HWoz9Pt9bWQ/getUpdates "HTTP/1.1 200 OK"
2026-01-01 12:26:23,370 - httpx - INFO - HTTP Request: POST https://api.telegram.org/bot8535138873:AAG7W5ZJKFj_b4YT31RVjWp4HWoz9Pt9bWQ/getUpdates "HTTP/1.1 200 OK"
2026-01-01 12:26:33,651 - httpx - INFO - HTTP Request: POST https://api.telegram.org/bot8535138873:AAG7W5ZJKFj_b4YT31RVjWp4HWoz9Pt9bWQ/getUpdates "HTTP/1.1 200 OK"
2026-01-01 12:26:43,962 - httpx - INFO - HTTP Request: POST https://api.telegram.org/bot8535138873:AAG7W5ZJKFj_b4YT31RVjWp4HWoz9Pt9bWQ/getUpdates "HTTP/1.1 200 OK"
2026-01-01 12:26:54,213 - httpx - INFO - HTTP Request: POST https://api.telegram.org/bot8535138873:AAG7W5ZJKFj_b4YT31RVjWp4HWoz9Pt9bWQ/getUpdates "HTTP/1.1 200 OK"
2026-01-01 12:27:04,495 - httpx - INFO - HTTP Request: POST https://api.telegram.org/bot8535138873:AAG7W5ZJKFj_b4YT31RVjWp4HWoz9Pt9bWQ/getUpdates "HTTP/1.1 200 OK"
2026-01-01 12:27:14,776 - httpx - INFO - HTTP Request: POST https://api.telegram.org/bot8535138873:AAG7W5ZJKFj_b4YT31RVjWp4HWoz9Pt9bWQ/getUpdates "HTTP/1.1 200 OK"
2026-01-01 12:27:25,056 - httpx - INFO - HTTP Request: POST https://api.telegram.org/bot8535138873:AAG7W5ZJKFj_b4YT31RVjWp4HWoz9Pt9bWQ/getUpdates "HTTP/1.1 200 OK"
2026-01-01 12:27:35,339 - httpx - INFO - HTTP Request: POST https://api.telegram.org/bot8535138873:AAG7W5ZJKFj_b4YT31RVjWp4HWoz9Pt9bWQ/getUpdates "HTTP/1.1 200 OK"
2026-01-01 12:27:45,619 - httpx - INFO - HTTP Request: POST https://api.telegram.org/bot8535138873:AAG7W5ZJKFj_b4YT31RVjWp4HWoz9Pt9bWQ/getUpdates "HTTP/1.1 200 OK"
2026-01-01 12:27:55,899 - httpx - INFO - HTTP Request: POST https://api.telegram.org/bot8535138873:AAG7W5ZJKFj_b4YT31RVjWp4HWoz9Pt9bWQ/getUpdates "HTTP/1.1 200 OK"
2026-01-01 12:28:06,184 - httpx - INFO - HTTP Request: POST https://api.telegram.org/bot8535138873:AAG7W5ZJKFj_b4YT31RVjWp4HWoz9Pt9bWQ/getUpdates "HTTP/1.1 200 OK"
2026-01-01 12:28:16,466 - httpx - INFO - HTTP Request: POST https://api.telegram.org/bot8535138873:AAG7W5ZJKFj_b4YT31RVjWp4HWoz9Pt9bWQ/getUpdates "HTTP/1.1 200 OK"
2026-01-01 12:28:26,748 - httpx - INFO - HTTP Request: POST https://api.telegram.org/bot8535138873:AAG7W5ZJKFj_b4YT31RVjWp4HWoz9Pt9bWQ/getUpdates "HTTP/1.1 200 OK"
2026-01-01 12:28:37,030 - httpx - INFO - HTTP Request: POST https://api.telegram.org/bot8535138873:AAG7W5ZJKFj_b4YT31RVjWp4HWoz9Pt9bWQ/getUpdates "HTTP/1.1 200 OK"
2026-01-01 12:28:47,334 - httpx - INFO - HTTP Request: POST https://api.telegram.org/bot8535138873:AAG7W5ZJKFj_b4YT31RVjWp4HWoz9Pt9bWQ/getUpdates "HTTP/1.1 200 OK"
2026-01-01 12:28:57,593 - httpx - INFO - HTTP Request: POST https://api.telegram.org/bot8535138873:AAG7W5ZJKFj_b4YT31RVjWp4HWoz9Pt9bWQ/getUpdates "HTTP/1.1 200 OK"
2026-01-01 12:29:07,874 - httpx - INFO - HTTP Request: POST https://api.telegram.org/bot8535138873:AAG7W5ZJKFj_b4YT31RVjWp4HWoz9Pt9bWQ/getUpdates "HTTP/1.1 200 OK"
2026-01-01 12:29:18,157 - httpx - INFO - HTTP Request: POST https://api.telegram.org/bot8535138873:AAG7W5ZJKFj_b4YT31RVjWp4HWoz9Pt9bWQ/getUpdates "HTTP/1.1 200 OK"
2026-01-01 12:29:28,451 - httpx - INFO - HTTP Request: POST https://api.telegram.org/bot8535138873:AAG7W5ZJKFj_b4YT31RVjWp4HWoz9Pt9bWQ/getUpdates "HTTP/1.1 200 OK"
2026-01-01 12:29:38,720 - httpx - INFO - HTTP Request: POST https://api.telegram.org/bot8535138873:AAG7W5ZJKFj_b4YT31RVjWp4HWoz9Pt9bWQ/getUpdates "HTTP/1.1 200 OK"
2026-01-01 12:29:49,001 - httpx - INFO - HTTP Request: POST https://api.telegram.org/bot8535138873:AAG7W5ZJKFj_b4YT31RVjWp4HWoz9Pt9bWQ/getUpdates "HTTP/1.1 200 OK"
2026-01-01 12:29:59,282 - httpx - INFO - HTTP Request: POST https://api.telegram.org/bot8535138873:AAG7W5ZJKFj_b4YT31RVjWp4HWoz9Pt9bWQ/getUpdates "HTTP/1.1 200 OK"
2026-01-01 12:30:07,219 - httpx - INFO - HTTP Request: POST https://api.telegram.org/bot8535138873:AAG7W5ZJKFj_b4YT31RVjWp4HWoz9Pt9bWQ/getUpdates "HTTP/1.1 200 OK"
2026-01-01 12:30:07,220 - telegram.ext.Application - INFO - Application is stopping. This might take a moment.
2026-01-01 12:30:07,220 - telegram.ext.Application - INFO - Application.stop() complete
